{"/Users/matthewmcilree/CS3099/project-code/client/src/App.js": {"path":"/Users/matthewmcilree/CS3099/project-code/client/src/App.js","statementMap":{"0":{"start":{"line":28,"column":4},"end":{"line":28,"column":17}},"1":{"start":{"line":30,"column":4},"end":{"line":33,"column":6}},"2":{"start":{"line":32,"column":26},"end":{"line":32,"column":56}},"3":{"start":{"line":37,"column":4},"end":{"line":70,"column":6}}},"fnMap":{"0":{"name":"(anonymous_0)","decl":{"start":{"line":27,"column":2},"end":{"line":27,"column":3}},"loc":{"start":{"line":27,"column":21},"end":{"line":34,"column":3}},"line":27},"1":{"name":"(anonymous_1)","decl":{"start":{"line":32,"column":15},"end":{"line":32,"column":16}},"loc":{"start":{"line":32,"column":26},"end":{"line":32,"column":56}},"line":32},"2":{"name":"(anonymous_2)","decl":{"start":{"line":36,"column":2},"end":{"line":36,"column":3}},"loc":{"start":{"line":36,"column":11},"end":{"line":71,"column":3}},"line":36}},"branchMap":{},"s":{"0":20,"1":20,"2":0,"3":20},"f":{"0":20,"1":0,"2":20},"b":{},"_coverageSchema":"1a1c01bbd47fc00a2c39e90264f33305004495a9","hash":"058172a901826b1de98da104998b45a4cfbdecd3"}
,"/Users/matthewmcilree/CS3099/project-code/client/src/index.js": {"path":"/Users/matthewmcilree/CS3099/project-code/client/src/index.js","statementMap":{"0":{"start":{"line":9,"column":0},"end":{"line":15,"column":2}},"1":{"start":{"line":20,"column":0},"end":{"line":20,"column":27}}},"fnMap":{},"branchMap":{},"s":{"0":0,"1":0},"f":{},"b":{}}
,"/Users/matthewmcilree/CS3099/project-code/client/src/serviceWorker.js": {"path":"/Users/matthewmcilree/CS3099/project-code/client/src/serviceWorker.js","statementMap":{"0":{"start":{"line":13,"column":20},"end":{"line":21,"column":1}},"1":{"start":{"line":24,"column":2},"end":{"line":54,"column":3}},"2":{"start":{"line":26,"column":22},"end":{"line":26,"column":75}},"3":{"start":{"line":27,"column":4},"end":{"line":32,"column":5}},"4":{"start":{"line":31,"column":6},"end":{"line":31,"column":13}},"5":{"start":{"line":34,"column":4},"end":{"line":53,"column":7}},"6":{"start":{"line":35,"column":20},"end":{"line":35,"column":65}},"7":{"start":{"line":37,"column":6},"end":{"line":52,"column":7}},"8":{"start":{"line":39,"column":8},"end":{"line":39,"column":47}},"9":{"start":{"line":43,"column":8},"end":{"line":48,"column":11}},"10":{"start":{"line":44,"column":10},"end":{"line":47,"column":12}},"11":{"start":{"line":51,"column":8},"end":{"line":51,"column":39}},"12":{"start":{"line":58,"column":2},"end":{"line":98,"column":7}},"13":{"start":{"line":61,"column":6},"end":{"line":94,"column":8}},"14":{"start":{"line":62,"column":33},"end":{"line":62,"column":56}},"15":{"start":{"line":63,"column":8},"end":{"line":65,"column":9}},"16":{"start":{"line":64,"column":10},"end":{"line":64,"column":17}},"17":{"start":{"line":66,"column":8},"end":{"line":93,"column":10}},"18":{"start":{"line":67,"column":10},"end":{"line":92,"column":11}},"19":{"start":{"line":68,"column":12},"end":{"line":91,"column":13}},"20":{"start":{"line":72,"column":14},"end":{"line":75,"column":16}},"21":{"start":{"line":78,"column":14},"end":{"line":80,"column":15}},"22":{"start":{"line":79,"column":16},"end":{"line":79,"column":46}},"23":{"start":{"line":85,"column":14},"end":{"line":85,"column":64}},"24":{"start":{"line":88,"column":14},"end":{"line":90,"column":15}},"25":{"start":{"line":89,"column":16},"end":{"line":89,"column":47}},"26":{"start":{"line":97,"column":6},"end":{"line":97,"column":72}},"27":{"start":{"line":103,"column":2},"end":{"line":128,"column":7}},"28":{"start":{"line":108,"column":26},"end":{"line":108,"column":62}},"29":{"start":{"line":109,"column":6},"end":{"line":122,"column":7}},"30":{"start":{"line":114,"column":8},"end":{"line":118,"column":11}},"31":{"start":{"line":115,"column":10},"end":{"line":117,"column":13}},"32":{"start":{"line":116,"column":12},"end":{"line":116,"column":37}},"33":{"start":{"line":121,"column":8},"end":{"line":121,"column":39}},"34":{"start":{"line":125,"column":6},"end":{"line":127,"column":8}},"35":{"start":{"line":132,"column":2},"end":{"line":140,"column":3}},"36":{"start":{"line":133,"column":4},"end":{"line":139,"column":9}},"37":{"start":{"line":135,"column":8},"end":{"line":135,"column":34}},"38":{"start":{"line":138,"column":8},"end":{"line":138,"column":37}}},"fnMap":{"0":{"name":"register","decl":{"start":{"line":23,"column":16},"end":{"line":23,"column":24}},"loc":{"start":{"line":23,"column":33},"end":{"line":55,"column":1}},"line":23},"1":{"name":"(anonymous_1)","decl":{"start":{"line":34,"column":36},"end":{"line":34,"column":37}},"loc":{"start":{"line":34,"column":42},"end":{"line":53,"column":5}},"line":34},"2":{"name":"(anonymous_2)","decl":{"start":{"line":43,"column":43},"end":{"line":43,"column":44}},"loc":{"start":{"line":43,"column":49},"end":{"line":48,"column":9}},"line":43},"3":{"name":"registerValidSW","decl":{"start":{"line":57,"column":9},"end":{"line":57,"column":24}},"loc":{"start":{"line":57,"column":40},"end":{"line":99,"column":1}},"line":57},"4":{"name":"(anonymous_4)","decl":{"start":{"line":60,"column":10},"end":{"line":60,"column":11}},"loc":{"start":{"line":60,"column":26},"end":{"line":95,"column":5}},"line":60},"5":{"name":"(anonymous_5)","decl":{"start":{"line":61,"column":35},"end":{"line":61,"column":36}},"loc":{"start":{"line":61,"column":41},"end":{"line":94,"column":7}},"line":61},"6":{"name":"(anonymous_6)","decl":{"start":{"line":66,"column":41},"end":{"line":66,"column":42}},"loc":{"start":{"line":66,"column":47},"end":{"line":93,"column":9}},"line":66},"7":{"name":"(anonymous_7)","decl":{"start":{"line":96,"column":11},"end":{"line":96,"column":12}},"loc":{"start":{"line":96,"column":20},"end":{"line":98,"column":5}},"line":96},"8":{"name":"checkValidServiceWorker","decl":{"start":{"line":101,"column":9},"end":{"line":101,"column":32}},"loc":{"start":{"line":101,"column":48},"end":{"line":129,"column":1}},"line":101},"9":{"name":"(anonymous_9)","decl":{"start":{"line":106,"column":10},"end":{"line":106,"column":11}},"loc":{"start":{"line":106,"column":22},"end":{"line":123,"column":5}},"line":106},"10":{"name":"(anonymous_10)","decl":{"start":{"line":114,"column":43},"end":{"line":114,"column":44}},"loc":{"start":{"line":114,"column":59},"end":{"line":118,"column":9}},"line":114},"11":{"name":"(anonymous_11)","decl":{"start":{"line":115,"column":41},"end":{"line":115,"column":42}},"loc":{"start":{"line":115,"column":47},"end":{"line":117,"column":11}},"line":115},"12":{"name":"(anonymous_12)","decl":{"start":{"line":124,"column":11},"end":{"line":124,"column":12}},"loc":{"start":{"line":124,"column":17},"end":{"line":128,"column":5}},"line":124},"13":{"name":"unregister","decl":{"start":{"line":131,"column":16},"end":{"line":131,"column":26}},"loc":{"start":{"line":131,"column":29},"end":{"line":141,"column":1}},"line":131},"14":{"name":"(anonymous_14)","decl":{"start":{"line":134,"column":12},"end":{"line":134,"column":13}},"loc":{"start":{"line":134,"column":28},"end":{"line":136,"column":7}},"line":134},"15":{"name":"(anonymous_15)","decl":{"start":{"line":137,"column":13},"end":{"line":137,"column":14}},"loc":{"start":{"line":137,"column":22},"end":{"line":139,"column":7}},"line":137}},"branchMap":{"0":{"loc":{"start":{"line":14,"column":2},"end":{"line":20,"column":5}},"type":"binary-expr","locations":[{"start":{"line":14,"column":2},"end":{"line":14,"column":42}},{"start":{"line":16,"column":4},"end":{"line":16,"column":40}},{"start":{"line":18,"column":4},"end":{"line":20,"column":5}}],"line":14},"1":{"loc":{"start":{"line":24,"column":2},"end":{"line":54,"column":3}},"type":"if","locations":[{"start":{"line":24,"column":2},"end":{"line":54,"column":3}},{"start":{"line":24,"column":2},"end":{"line":54,"column":3}}],"line":24},"2":{"loc":{"start":{"line":24,"column":6},"end":{"line":24,"column":75}},"type":"binary-expr","locations":[{"start":{"line":24,"column":6},"end":{"line":24,"column":43}},{"start":{"line":24,"column":47},"end":{"line":24,"column":75}}],"line":24},"3":{"loc":{"start":{"line":27,"column":4},"end":{"line":32,"column":5}},"type":"if","locations":[{"start":{"line":27,"column":4},"end":{"line":32,"column":5}},{"start":{"line":27,"column":4},"end":{"line":32,"column":5}}],"line":27},"4":{"loc":{"start":{"line":37,"column":6},"end":{"line":52,"column":7}},"type":"if","locations":[{"start":{"line":37,"column":6},"end":{"line":52,"column":7}},{"start":{"line":37,"column":6},"end":{"line":52,"column":7}}],"line":37},"5":{"loc":{"start":{"line":63,"column":8},"end":{"line":65,"column":9}},"type":"if","locations":[{"start":{"line":63,"column":8},"end":{"line":65,"column":9}},{"start":{"line":63,"column":8},"end":{"line":65,"column":9}}],"line":63},"6":{"loc":{"start":{"line":67,"column":10},"end":{"line":92,"column":11}},"type":"if","locations":[{"start":{"line":67,"column":10},"end":{"line":92,"column":11}},{"start":{"line":67,"column":10},"end":{"line":92,"column":11}}],"line":67},"7":{"loc":{"start":{"line":68,"column":12},"end":{"line":91,"column":13}},"type":"if","locations":[{"start":{"line":68,"column":12},"end":{"line":91,"column":13}},{"start":{"line":68,"column":12},"end":{"line":91,"column":13}}],"line":68},"8":{"loc":{"start":{"line":78,"column":14},"end":{"line":80,"column":15}},"type":"if","locations":[{"start":{"line":78,"column":14},"end":{"line":80,"column":15}},{"start":{"line":78,"column":14},"end":{"line":80,"column":15}}],"line":78},"9":{"loc":{"start":{"line":78,"column":18},"end":{"line":78,"column":43}},"type":"binary-expr","locations":[{"start":{"line":78,"column":18},"end":{"line":78,"column":24}},{"start":{"line":78,"column":28},"end":{"line":78,"column":43}}],"line":78},"10":{"loc":{"start":{"line":88,"column":14},"end":{"line":90,"column":15}},"type":"if","locations":[{"start":{"line":88,"column":14},"end":{"line":90,"column":15}},{"start":{"line":88,"column":14},"end":{"line":90,"column":15}}],"line":88},"11":{"loc":{"start":{"line":88,"column":18},"end":{"line":88,"column":44}},"type":"binary-expr","locations":[{"start":{"line":88,"column":18},"end":{"line":88,"column":24}},{"start":{"line":88,"column":28},"end":{"line":88,"column":44}}],"line":88},"12":{"loc":{"start":{"line":109,"column":6},"end":{"line":122,"column":7}},"type":"if","locations":[{"start":{"line":109,"column":6},"end":{"line":122,"column":7}},{"start":{"line":109,"column":6},"end":{"line":122,"column":7}}],"line":109},"13":{"loc":{"start":{"line":110,"column":8},"end":{"line":111,"column":73}},"type":"binary-expr","locations":[{"start":{"line":110,"column":8},"end":{"line":110,"column":31}},{"start":{"line":111,"column":9},"end":{"line":111,"column":28}},{"start":{"line":111,"column":32},"end":{"line":111,"column":72}}],"line":110},"14":{"loc":{"start":{"line":132,"column":2},"end":{"line":140,"column":3}},"type":"if","locations":[{"start":{"line":132,"column":2},"end":{"line":140,"column":3}},{"start":{"line":132,"column":2},"end":{"line":140,"column":3}}],"line":132}},"s":{"0":0,"1":0,"2":0,"3":0,"4":0,"5":0,"6":0,"7":0,"8":0,"9":0,"10":0,"11":0,"12":0,"13":0,"14":0,"15":0,"16":0,"17":0,"18":0,"19":0,"20":0,"21":0,"22":0,"23":0,"24":0,"25":0,"26":0,"27":0,"28":0,"29":0,"30":0,"31":0,"32":0,"33":0,"34":0,"35":0,"36":0,"37":0,"38":0},"f":{"0":0,"1":0,"2":0,"3":0,"4":0,"5":0,"6":0,"7":0,"8":0,"9":0,"10":0,"11":0,"12":0,"13":0,"14":0,"15":0},"b":{"0":[0,0,0],"1":[0,0],"2":[0,0],"3":[0,0],"4":[0,0],"5":[0,0],"6":[0,0],"7":[0,0],"8":[0,0],"9":[0,0],"10":[0,0],"11":[0,0],"12":[0,0],"13":[0,0,0],"14":[0,0]}}
,"/Users/matthewmcilree/CS3099/project-code/client/src/auth/index.js": {"path":"/Users/matthewmcilree/CS3099/project-code/client/src/auth/index.js","statementMap":{"0":{"start":{"line":4,"column":4},"end":{"line":17,"column":6}},"1":{"start":{"line":6,"column":34},"end":{"line":16,"column":10}},"2":{"start":{"line":10,"column":19},"end":{"line":10,"column":27}},"3":{"start":{"line":11,"column":10},"end":{"line":15,"column":11}},"4":{"start":{"line":12,"column":12},"end":{"line":12,"column":21}},"5":{"start":{"line":14,"column":12},"end":{"line":14,"column":24}}},"fnMap":{"0":{"name":"(anonymous_0)","decl":{"start":{"line":6,"column":23},"end":{"line":6,"column":24}},"loc":{"start":{"line":6,"column":34},"end":{"line":16,"column":10}},"line":6},"1":{"name":"(anonymous_1)","decl":{"start":{"line":10,"column":14},"end":{"line":10,"column":15}},"loc":{"start":{"line":10,"column":19},"end":{"line":10,"column":27}},"line":10},"2":{"name":"(anonymous_2)","decl":{"start":{"line":10,"column":34},"end":{"line":10,"column":35}},"loc":{"start":{"line":10,"column":42},"end":{"line":16,"column":9}},"line":10}},"branchMap":{"0":{"loc":{"start":{"line":11,"column":10},"end":{"line":15,"column":11}},"type":"if","locations":[{"start":{"line":11,"column":10},"end":{"line":15,"column":11}},{"start":{"line":11,"column":10},"end":{"line":15,"column":11}}],"line":11}},"s":{"0":0,"1":0,"2":0,"3":0,"4":0,"5":0},"f":{"0":0,"1":0,"2":0},"b":{"0":[0,0]}}
,"/Users/matthewmcilree/CS3099/project-code/client/src/components/authentication/AdminKeyAuth.jsx": {"path":"/Users/matthewmcilree/CS3099/project-code/client/src/components/authentication/AdminKeyAuth.jsx","statementMap":{"0":{"start":{"line":7,"column":8},"end":{"line":7,"column":21}},"1":{"start":{"line":8,"column":8},"end":{"line":15,"column":9}},"2":{"start":{"line":16,"column":8},"end":{"line":16,"column":57}},"3":{"start":{"line":17,"column":8},"end":{"line":17,"column":57}},"4":{"start":{"line":21,"column":8},"end":{"line":21,"column":32}},"5":{"start":{"line":25,"column":8},"end":{"line":33,"column":80}},"6":{"start":{"line":25,"column":58},"end":{"line":25,"column":73}},"7":{"start":{"line":27,"column":16},"end":{"line":31,"column":18}},"8":{"start":{"line":33,"column":28},"end":{"line":33,"column":78}},"9":{"start":{"line":37,"column":8},"end":{"line":37,"column":31}},"10":{"start":{"line":38,"column":23},"end":{"line":38,"column":35}},"11":{"start":{"line":39,"column":22},"end":{"line":39,"column":34}},"12":{"start":{"line":40,"column":21},"end":{"line":40,"column":32}},"13":{"start":{"line":41,"column":8},"end":{"line":44,"column":11}},"14":{"start":{"line":48,"column":23},"end":{"line":48,"column":25}},"15":{"start":{"line":49,"column":8},"end":{"line":53,"column":9}},"16":{"start":{"line":50,"column":12},"end":{"line":50,"column":48}},"17":{"start":{"line":51,"column":15},"end":{"line":53,"column":9}},"18":{"start":{"line":52,"column":12},"end":{"line":52,"column":70}},"19":{"start":{"line":54,"column":8},"end":{"line":54,"column":22}},"20":{"start":{"line":58,"column":8},"end":{"line":58,"column":31}},"21":{"start":{"line":60,"column":23},"end":{"line":60,"column":43}},"22":{"start":{"line":61,"column":8},"end":{"line":64,"column":9}},"23":{"start":{"line":62,"column":12},"end":{"line":62,"column":38}},"24":{"start":{"line":63,"column":12},"end":{"line":63,"column":19}},"25":{"start":{"line":65,"column":31},"end":{"line":78,"column":9}},"26":{"start":{"line":79,"column":8},"end":{"line":79,"column":66}},"27":{"start":{"line":81,"column":8},"end":{"line":97,"column":31}},"28":{"start":{"line":83,"column":16},"end":{"line":88,"column":17}},"29":{"start":{"line":84,"column":20},"end":{"line":84,"column":74}},"30":{"start":{"line":85,"column":20},"end":{"line":85,"column":27}},"31":{"start":{"line":87,"column":20},"end":{"line":87,"column":43}},"32":{"start":{"line":91,"column":16},"end":{"line":95,"column":17}},"33":{"start":{"line":92,"column":33},"end":{"line":92,"column":35}},"34":{"start":{"line":93,"column":20},"end":{"line":93,"column":37}},"35":{"start":{"line":94,"column":20},"end":{"line":94,"column":69}},"36":{"start":{"line":101,"column":8},"end":{"line":120,"column":9}},"37":{"start":{"line":114,"column":24},"end":{"line":114,"column":99}}},"fnMap":{"0":{"name":"(anonymous_0)","decl":{"start":{"line":6,"column":4},"end":{"line":6,"column":5}},"loc":{"start":{"line":6,"column":23},"end":{"line":18,"column":5}},"line":6},"1":{"name":"(anonymous_1)","decl":{"start":{"line":20,"column":4},"end":{"line":20,"column":5}},"loc":{"start":{"line":20,"column":24},"end":{"line":22,"column":5}},"line":20},"2":{"name":"(anonymous_2)","decl":{"start":{"line":24,"column":4},"end":{"line":24,"column":5}},"loc":{"start":{"line":24,"column":29},"end":{"line":34,"column":5}},"line":24},"3":{"name":"(anonymous_3)","decl":{"start":{"line":25,"column":46},"end":{"line":25,"column":47}},"loc":{"start":{"line":25,"column":58},"end":{"line":25,"column":73}},"line":25},"4":{"name":"(anonymous_4)","decl":{"start":{"line":26,"column":18},"end":{"line":26,"column":19}},"loc":{"start":{"line":27,"column":16},"end":{"line":31,"column":18}},"line":27},"5":{"name":"(anonymous_5)","decl":{"start":{"line":33,"column":19},"end":{"line":33,"column":20}},"loc":{"start":{"line":33,"column":28},"end":{"line":33,"column":78}},"line":33},"6":{"name":"(anonymous_6)","decl":{"start":{"line":36,"column":4},"end":{"line":36,"column":5}},"loc":{"start":{"line":36,"column":24},"end":{"line":45,"column":5}},"line":36},"7":{"name":"(anonymous_7)","decl":{"start":{"line":47,"column":4},"end":{"line":47,"column":5}},"loc":{"start":{"line":47,"column":20},"end":{"line":55,"column":5}},"line":47},"8":{"name":"(anonymous_8)","decl":{"start":{"line":57,"column":4},"end":{"line":57,"column":5}},"loc":{"start":{"line":57,"column":24},"end":{"line":98,"column":5}},"line":57},"9":{"name":"(anonymous_9)","decl":{"start":{"line":82,"column":18},"end":{"line":82,"column":19}},"loc":{"start":{"line":82,"column":32},"end":{"line":89,"column":13}},"line":82},"10":{"name":"(anonymous_10)","decl":{"start":{"line":90,"column":18},"end":{"line":90,"column":19}},"loc":{"start":{"line":90,"column":28},"end":{"line":97,"column":13}},"line":90},"11":{"name":"(anonymous_11)","decl":{"start":{"line":97,"column":21},"end":{"line":97,"column":22}},"loc":{"start":{"line":97,"column":27},"end":{"line":97,"column":29}},"line":97},"12":{"name":"(anonymous_12)","decl":{"start":{"line":100,"column":4},"end":{"line":100,"column":5}},"loc":{"start":{"line":100,"column":13},"end":{"line":121,"column":5}},"line":100},"13":{"name":"(anonymous_13)","decl":{"start":{"line":113,"column":43},"end":{"line":113,"column":44}},"loc":{"start":{"line":114,"column":24},"end":{"line":114,"column":99}},"line":114}},"branchMap":{"0":{"loc":{"start":{"line":49,"column":8},"end":{"line":53,"column":9}},"type":"if","locations":[{"start":{"line":49,"column":8},"end":{"line":53,"column":9}},{"start":{"line":49,"column":8},"end":{"line":53,"column":9}}],"line":49},"1":{"loc":{"start":{"line":51,"column":15},"end":{"line":53,"column":9}},"type":"if","locations":[{"start":{"line":51,"column":15},"end":{"line":53,"column":9}},{"start":{"line":51,"column":15},"end":{"line":53,"column":9}}],"line":51},"2":{"loc":{"start":{"line":61,"column":8},"end":{"line":64,"column":9}},"type":"if","locations":[{"start":{"line":61,"column":8},"end":{"line":64,"column":9}},{"start":{"line":61,"column":8},"end":{"line":64,"column":9}}],"line":61},"3":{"loc":{"start":{"line":75,"column":22},"end":{"line":75,"column":79}},"type":"cond-expr","locations":[{"start":{"line":75,"column":54},"end":{"line":75,"column":61}},{"start":{"line":75,"column":64},"end":{"line":75,"column":79}}],"line":75},"4":{"loc":{"start":{"line":83,"column":16},"end":{"line":88,"column":17}},"type":"if","locations":[{"start":{"line":83,"column":16},"end":{"line":88,"column":17}},{"start":{"line":83,"column":16},"end":{"line":88,"column":17}}],"line":83},"5":{"loc":{"start":{"line":91,"column":16},"end":{"line":95,"column":17}},"type":"if","locations":[{"start":{"line":91,"column":16},"end":{"line":95,"column":17}},{"start":{"line":91,"column":16},"end":{"line":95,"column":17}}],"line":91},"6":{"loc":{"start":{"line":110,"column":25},"end":{"line":110,"column":121}},"type":"binary-expr","locations":[{"start":{"line":110,"column":25},"end":{"line":110,"column":46}},{"start":{"line":110,"column":50},"end":{"line":110,"column":121}}],"line":110},"7":{"loc":{"start":{"line":116,"column":21},"end":{"line":116,"column":130}},"type":"binary-expr","locations":[{"start":{"line":116,"column":21},"end":{"line":116,"column":39}},{"start":{"line":116,"column":43},"end":{"line":116,"column":130}}],"line":116}},"s":{"0":0,"1":0,"2":0,"3":0,"4":0,"5":0,"6":0,"7":0,"8":0,"9":0,"10":0,"11":0,"12":0,"13":0,"14":0,"15":0,"16":0,"17":0,"18":0,"19":0,"20":0,"21":0,"22":0,"23":0,"24":0,"25":0,"26":0,"27":0,"28":0,"29":0,"30":0,"31":0,"32":0,"33":0,"34":0,"35":0,"36":0,"37":0},"f":{"0":0,"1":0,"2":0,"3":0,"4":0,"5":0,"6":0,"7":0,"8":0,"9":0,"10":0,"11":0,"12":0,"13":0},"b":{"0":[0,0],"1":[0,0],"2":[0,0],"3":[0,0],"4":[0,0],"5":[0,0],"6":[0,0],"7":[0,0]},"_coverageSchema":"1a1c01bbd47fc00a2c39e90264f33305004495a9","hash":"06b8f32050ed725eab690f67e24be14273852c87"}
,"/Users/matthewmcilree/CS3099/project-code/client/src/components/authentication/ControlPanel.jsx": {"path":"/Users/matthewmcilree/CS3099/project-code/client/src/components/authentication/ControlPanel.jsx","statementMap":{"0":{"start":{"line":22,"column":8},"end":{"line":22,"column":21}},"1":{"start":{"line":23,"column":8},"end":{"line":42,"column":9}},"2":{"start":{"line":46,"column":8},"end":{"line":46,"column":32}},"3":{"start":{"line":47,"column":8},"end":{"line":47,"column":30}},"4":{"start":{"line":48,"column":8},"end":{"line":48,"column":41}},"5":{"start":{"line":52,"column":8},"end":{"line":61,"column":86}},"6":{"start":{"line":52,"column":58},"end":{"line":52,"column":73}},"7":{"start":{"line":54,"column":16},"end":{"line":59,"column":18}},"8":{"start":{"line":61,"column":28},"end":{"line":61,"column":84}},"9":{"start":{"line":65,"column":8},"end":{"line":71,"column":30}},"10":{"start":{"line":66,"column":30},"end":{"line":66,"column":45}},"11":{"start":{"line":68,"column":16},"end":{"line":70,"column":18}},"12":{"start":{"line":77,"column":8},"end":{"line":81,"column":36}},"13":{"start":{"line":77,"column":103},"end":{"line":77,"column":118}},"14":{"start":{"line":79,"column":16},"end":{"line":81,"column":18}},"15":{"start":{"line":80,"column":49},"end":{"line":80,"column":75}},"16":{"start":{"line":85,"column":8},"end":{"line":85,"column":75}},"17":{"start":{"line":86,"column":8},"end":{"line":86,"column":30}},"18":{"start":{"line":90,"column":23},"end":{"line":90,"column":25}},"19":{"start":{"line":91,"column":8},"end":{"line":93,"column":9}},"20":{"start":{"line":92,"column":12},"end":{"line":92,"column":65}},"21":{"start":{"line":95,"column":8},"end":{"line":97,"column":9}},"22":{"start":{"line":96,"column":12},"end":{"line":96,"column":59}},"23":{"start":{"line":99,"column":8},"end":{"line":99,"column":22}},"24":{"start":{"line":103,"column":8},"end":{"line":103,"column":31}},"25":{"start":{"line":104,"column":23},"end":{"line":104,"column":51}},"26":{"start":{"line":105,"column":8},"end":{"line":108,"column":9}},"27":{"start":{"line":106,"column":12},"end":{"line":106,"column":52}},"28":{"start":{"line":107,"column":12},"end":{"line":107,"column":19}},"29":{"start":{"line":110,"column":8},"end":{"line":171,"column":9}},"30":{"start":{"line":111,"column":35},"end":{"line":122,"column":13}},"31":{"start":{"line":124,"column":12},"end":{"line":134,"column":36}},"32":{"start":{"line":125,"column":34},"end":{"line":125,"column":49}},"33":{"start":{"line":127,"column":20},"end":{"line":133,"column":21}},"34":{"start":{"line":128,"column":37},"end":{"line":128,"column":39}},"35":{"start":{"line":129,"column":24},"end":{"line":129,"column":41}},"36":{"start":{"line":130,"column":24},"end":{"line":130,"column":73}},"37":{"start":{"line":132,"column":24},"end":{"line":132,"column":153}},"38":{"start":{"line":137,"column":35},"end":{"line":151,"column":13}},"39":{"start":{"line":154,"column":12},"end":{"line":170,"column":36}},"40":{"start":{"line":156,"column":20},"end":{"line":161,"column":21}},"41":{"start":{"line":157,"column":24},"end":{"line":157,"column":153}},"42":{"start":{"line":158,"column":24},"end":{"line":158,"column":31}},"43":{"start":{"line":160,"column":24},"end":{"line":160,"column":47}},"44":{"start":{"line":164,"column":20},"end":{"line":168,"column":21}},"45":{"start":{"line":165,"column":37},"end":{"line":165,"column":39}},"46":{"start":{"line":166,"column":24},"end":{"line":166,"column":41}},"47":{"start":{"line":167,"column":24},"end":{"line":167,"column":73}},"48":{"start":{"line":175,"column":52},"end":{"line":175,"column":62}},"49":{"start":{"line":176,"column":8},"end":{"line":257,"column":10}},"50":{"start":{"line":196,"column":60},"end":{"line":196,"column":159}},"51":{"start":{"line":196,"column":108},"end":{"line":196,"column":135}},"52":{"start":{"line":201,"column":76},"end":{"line":201,"column":92}},"53":{"start":{"line":204,"column":60},"end":{"line":212,"column":67}},"54":{"start":{"line":206,"column":68},"end":{"line":210,"column":79}},"55":{"start":{"line":216,"column":60},"end":{"line":216,"column":156}},"56":{"start":{"line":229,"column":56},"end":{"line":229,"column":157}},"57":{"start":{"line":229,"column":104},"end":{"line":229,"column":133}},"58":{"start":{"line":232,"column":101},"end":{"line":232,"column":138}},"59":{"start":{"line":242,"column":40},"end":{"line":242,"column":115}},"60":{"start":{"line":245,"column":40},"end":{"line":245,"column":92}}},"fnMap":{"0":{"name":"(anonymous_0)","decl":{"start":{"line":21,"column":4},"end":{"line":21,"column":5}},"loc":{"start":{"line":21,"column":23},"end":{"line":43,"column":5}},"line":21},"1":{"name":"(anonymous_1)","decl":{"start":{"line":45,"column":4},"end":{"line":45,"column":5}},"loc":{"start":{"line":45,"column":24},"end":{"line":49,"column":5}},"line":45},"2":{"name":"(anonymous_2)","decl":{"start":{"line":51,"column":4},"end":{"line":51,"column":5}},"loc":{"start":{"line":51,"column":29},"end":{"line":62,"column":5}},"line":51},"3":{"name":"(anonymous_3)","decl":{"start":{"line":52,"column":46},"end":{"line":52,"column":47}},"loc":{"start":{"line":52,"column":58},"end":{"line":52,"column":73}},"line":52},"4":{"name":"(anonymous_4)","decl":{"start":{"line":53,"column":18},"end":{"line":53,"column":19}},"loc":{"start":{"line":54,"column":16},"end":{"line":59,"column":18}},"line":54},"5":{"name":"(anonymous_5)","decl":{"start":{"line":61,"column":19},"end":{"line":61,"column":20}},"loc":{"start":{"line":61,"column":28},"end":{"line":61,"column":84}},"line":61},"6":{"name":"(anonymous_6)","decl":{"start":{"line":64,"column":4},"end":{"line":64,"column":5}},"loc":{"start":{"line":64,"column":27},"end":{"line":72,"column":5}},"line":64},"7":{"name":"(anonymous_7)","decl":{"start":{"line":66,"column":18},"end":{"line":66,"column":19}},"loc":{"start":{"line":66,"column":30},"end":{"line":66,"column":45}},"line":66},"8":{"name":"(anonymous_8)","decl":{"start":{"line":67,"column":18},"end":{"line":67,"column":19}},"loc":{"start":{"line":68,"column":16},"end":{"line":70,"column":18}},"line":68},"9":{"name":"(anonymous_9)","decl":{"start":{"line":71,"column":20},"end":{"line":71,"column":21}},"loc":{"start":{"line":71,"column":26},"end":{"line":71,"column":29}},"line":71},"10":{"name":"(anonymous_10)","decl":{"start":{"line":76,"column":4},"end":{"line":76,"column":5}},"loc":{"start":{"line":76,"column":27},"end":{"line":82,"column":5}},"line":76},"11":{"name":"(anonymous_11)","decl":{"start":{"line":77,"column":91},"end":{"line":77,"column":92}},"loc":{"start":{"line":77,"column":103},"end":{"line":77,"column":118}},"line":77},"12":{"name":"(anonymous_12)","decl":{"start":{"line":78,"column":18},"end":{"line":78,"column":19}},"loc":{"start":{"line":79,"column":16},"end":{"line":81,"column":18}},"line":79},"13":{"name":"(anonymous_13)","decl":{"start":{"line":80,"column":40},"end":{"line":80,"column":41}},"loc":{"start":{"line":80,"column":49},"end":{"line":80,"column":75}},"line":80},"14":{"name":"(anonymous_14)","decl":{"start":{"line":81,"column":26},"end":{"line":81,"column":27}},"loc":{"start":{"line":81,"column":32},"end":{"line":81,"column":35}},"line":81},"15":{"name":"(anonymous_15)","decl":{"start":{"line":84,"column":4},"end":{"line":84,"column":5}},"loc":{"start":{"line":84,"column":27},"end":{"line":87,"column":5}},"line":84},"16":{"name":"(anonymous_16)","decl":{"start":{"line":89,"column":4},"end":{"line":89,"column":5}},"loc":{"start":{"line":89,"column":28},"end":{"line":100,"column":5}},"line":89},"17":{"name":"(anonymous_17)","decl":{"start":{"line":102,"column":4},"end":{"line":102,"column":5}},"loc":{"start":{"line":102,"column":24},"end":{"line":172,"column":5}},"line":102},"18":{"name":"(anonymous_18)","decl":{"start":{"line":125,"column":22},"end":{"line":125,"column":23}},"loc":{"start":{"line":125,"column":34},"end":{"line":125,"column":49}},"line":125},"19":{"name":"(anonymous_19)","decl":{"start":{"line":126,"column":22},"end":{"line":126,"column":23}},"loc":{"start":{"line":126,"column":32},"end":{"line":134,"column":17}},"line":126},"20":{"name":"(anonymous_20)","decl":{"start":{"line":134,"column":25},"end":{"line":134,"column":26}},"loc":{"start":{"line":134,"column":31},"end":{"line":134,"column":34}},"line":134},"21":{"name":"(anonymous_21)","decl":{"start":{"line":155,"column":22},"end":{"line":155,"column":23}},"loc":{"start":{"line":155,"column":36},"end":{"line":162,"column":17}},"line":155},"22":{"name":"(anonymous_22)","decl":{"start":{"line":163,"column":22},"end":{"line":163,"column":23}},"loc":{"start":{"line":163,"column":32},"end":{"line":170,"column":17}},"line":163},"23":{"name":"(anonymous_23)","decl":{"start":{"line":170,"column":25},"end":{"line":170,"column":26}},"loc":{"start":{"line":170,"column":31},"end":{"line":170,"column":34}},"line":170},"24":{"name":"(anonymous_24)","decl":{"start":{"line":174,"column":4},"end":{"line":174,"column":5}},"loc":{"start":{"line":174,"column":13},"end":{"line":258,"column":5}},"line":174},"25":{"name":"(anonymous_25)","decl":{"start":{"line":195,"column":82},"end":{"line":195,"column":83}},"loc":{"start":{"line":195,"column":90},"end":{"line":197,"column":57}},"line":195},"26":{"name":"(anonymous_26)","decl":{"start":{"line":196,"column":102},"end":{"line":196,"column":103}},"loc":{"start":{"line":196,"column":108},"end":{"line":196,"column":135}},"line":196},"27":{"name":"(anonymous_27)","decl":{"start":{"line":201,"column":66},"end":{"line":201,"column":67}},"loc":{"start":{"line":201,"column":76},"end":{"line":201,"column":92}},"line":201},"28":{"name":"(anonymous_28)","decl":{"start":{"line":203,"column":68},"end":{"line":203,"column":69}},"loc":{"start":{"line":204,"column":60},"end":{"line":212,"column":67}},"line":204},"29":{"name":"(anonymous_29)","decl":{"start":{"line":205,"column":77},"end":{"line":205,"column":78}},"loc":{"start":{"line":206,"column":68},"end":{"line":210,"column":79}},"line":206},"30":{"name":"(anonymous_30)","decl":{"start":{"line":215,"column":66},"end":{"line":215,"column":67}},"loc":{"start":{"line":215,"column":80},"end":{"line":217,"column":57}},"line":215},"31":{"name":"(anonymous_31)","decl":{"start":{"line":228,"column":74},"end":{"line":228,"column":75}},"loc":{"start":{"line":228,"column":82},"end":{"line":230,"column":53}},"line":228},"32":{"name":"(anonymous_32)","decl":{"start":{"line":229,"column":98},"end":{"line":229,"column":99}},"loc":{"start":{"line":229,"column":104},"end":{"line":229,"column":133}},"line":229},"33":{"name":"(anonymous_33)","decl":{"start":{"line":232,"column":95},"end":{"line":232,"column":96}},"loc":{"start":{"line":232,"column":101},"end":{"line":232,"column":138}},"line":232},"34":{"name":"(anonymous_34)","decl":{"start":{"line":241,"column":93},"end":{"line":241,"column":94}},"loc":{"start":{"line":242,"column":40},"end":{"line":242,"column":115}},"line":242},"35":{"name":"(anonymous_35)","decl":{"start":{"line":244,"column":65},"end":{"line":244,"column":66}},"loc":{"start":{"line":245,"column":40},"end":{"line":245,"column":92}},"line":245}},"branchMap":{"0":{"loc":{"start":{"line":77,"column":40},"end":{"line":77,"column":83}},"type":"cond-expr","locations":[{"start":{"line":77,"column":59},"end":{"line":77,"column":78}},{"start":{"line":77,"column":81},"end":{"line":77,"column":83}}],"line":77},"1":{"loc":{"start":{"line":91,"column":8},"end":{"line":93,"column":9}},"type":"if","locations":[{"start":{"line":91,"column":8},"end":{"line":93,"column":9}},{"start":{"line":91,"column":8},"end":{"line":93,"column":9}}],"line":91},"2":{"loc":{"start":{"line":91,"column":12},"end":{"line":91,"column":84}},"type":"binary-expr","locations":[{"start":{"line":91,"column":12},"end":{"line":91,"column":52}},{"start":{"line":91,"column":56},"end":{"line":91,"column":84}}],"line":91},"3":{"loc":{"start":{"line":95,"column":8},"end":{"line":97,"column":9}},"type":"if","locations":[{"start":{"line":95,"column":8},"end":{"line":97,"column":9}},{"start":{"line":95,"column":8},"end":{"line":97,"column":9}}],"line":95},"4":{"loc":{"start":{"line":105,"column":8},"end":{"line":108,"column":9}},"type":"if","locations":[{"start":{"line":105,"column":8},"end":{"line":108,"column":9}},{"start":{"line":105,"column":8},"end":{"line":108,"column":9}}],"line":105},"5":{"loc":{"start":{"line":110,"column":8},"end":{"line":171,"column":9}},"type":"if","locations":[{"start":{"line":110,"column":8},"end":{"line":171,"column":9}},{"start":{"line":110,"column":8},"end":{"line":171,"column":9}}],"line":110},"6":{"loc":{"start":{"line":127,"column":20},"end":{"line":133,"column":21}},"type":"if","locations":[{"start":{"line":127,"column":20},"end":{"line":133,"column":21}},{"start":{"line":127,"column":20},"end":{"line":133,"column":21}}],"line":127},"7":{"loc":{"start":{"line":156,"column":20},"end":{"line":161,"column":21}},"type":"if","locations":[{"start":{"line":156,"column":20},"end":{"line":161,"column":21}},{"start":{"line":156,"column":20},"end":{"line":161,"column":21}}],"line":156},"8":{"loc":{"start":{"line":164,"column":20},"end":{"line":168,"column":21}},"type":"if","locations":[{"start":{"line":164,"column":20},"end":{"line":168,"column":21}},{"start":{"line":164,"column":20},"end":{"line":168,"column":21}}],"line":164},"9":{"loc":{"start":{"line":177,"column":12},"end":{"line":256,"column":27}},"type":"cond-expr","locations":[{"start":{"line":177,"column":24},"end":{"line":177,"column":113}},{"start":{"line":178,"column":16},"end":{"line":256,"column":27}}],"line":177},"10":{"loc":{"start":{"line":178,"column":16},"end":{"line":256,"column":27}},"type":"cond-expr","locations":[{"start":{"line":178,"column":45},"end":{"line":178,"column":73}},{"start":{"line":179,"column":20},"end":{"line":256,"column":27}}],"line":178},"11":{"loc":{"start":{"line":178,"column":17},"end":{"line":178,"column":41}},"type":"binary-expr","locations":[{"start":{"line":178,"column":17},"end":{"line":178,"column":25}},{"start":{"line":178,"column":29},"end":{"line":178,"column":41}}],"line":178},"12":{"loc":{"start":{"line":181,"column":41},"end":{"line":181,"column":74}},"type":"cond-expr","locations":[{"start":{"line":181,"column":51},"end":{"line":181,"column":59}},{"start":{"line":181,"column":62},"end":{"line":181,"column":74}}],"line":181},"13":{"loc":{"start":{"line":182,"column":29},"end":{"line":250,"column":35}},"type":"binary-expr","locations":[{"start":{"line":182,"column":29},"end":{"line":182,"column":36}},{"start":{"line":182,"column":40},"end":{"line":250,"column":35}}],"line":182},"14":{"loc":{"start":{"line":227,"column":60},"end":{"line":227,"column":115}},"type":"cond-expr","locations":[{"start":{"line":227,"column":84},"end":{"line":227,"column":97}},{"start":{"line":227,"column":100},"end":{"line":227,"column":115}}],"line":227},"15":{"loc":{"start":{"line":241,"column":37},"end":{"line":243,"column":38}},"type":"binary-expr","locations":[{"start":{"line":241,"column":37},"end":{"line":241,"column":67}},{"start":{"line":241,"column":71},"end":{"line":243,"column":38}}],"line":241},"16":{"loc":{"start":{"line":247,"column":37},"end":{"line":247,"column":135}},"type":"binary-expr","locations":[{"start":{"line":247,"column":37},"end":{"line":247,"column":55}},{"start":{"line":247,"column":59},"end":{"line":247,"column":135}}],"line":247},"17":{"loc":{"start":{"line":252,"column":29},"end":{"line":253,"column":112}},"type":"binary-expr","locations":[{"start":{"line":252,"column":29},"end":{"line":252,"column":40}},{"start":{"line":253,"column":32},"end":{"line":253,"column":112}}],"line":252}},"s":{"0":7,"1":7,"2":7,"3":7,"4":7,"5":7,"6":7,"7":7,"8":0,"9":7,"10":7,"11":7,"12":7,"13":7,"14":7,"15":21,"16":0,"17":0,"18":0,"19":0,"20":0,"21":0,"22":0,"23":0,"24":0,"25":0,"26":0,"27":0,"28":0,"29":0,"30":0,"31":0,"32":0,"33":0,"34":0,"35":0,"36":0,"37":0,"38":0,"39":0,"40":0,"41":0,"42":0,"43":0,"44":0,"45":0,"46":0,"47":0,"48":28,"49":28,"50":56,"51":0,"52":28,"53":0,"54":0,"55":0,"56":42,"57":0,"58":0,"59":0,"60":0},"f":{"0":7,"1":7,"2":7,"3":7,"4":7,"5":0,"6":7,"7":7,"8":7,"9":0,"10":7,"11":7,"12":7,"13":21,"14":0,"15":0,"16":0,"17":0,"18":0,"19":0,"20":0,"21":0,"22":0,"23":0,"24":28,"25":56,"26":0,"27":28,"28":0,"29":0,"30":0,"31":42,"32":0,"33":0,"34":0,"35":0},"b":{"0":[0,7],"1":[0,0],"2":[0,0],"3":[0,0],"4":[0,0],"5":[0,0],"6":[0,0],"7":[0,0],"8":[0,0],"9":[7,21],"10":[0,21],"11":[21,0],"12":[21,0],"13":[21,21],"14":[21,0],"15":[21,0],"16":[21,0],"17":[21,0]},"_coverageSchema":"1a1c01bbd47fc00a2c39e90264f33305004495a9","hash":"00888fa2fbdcb0aec78365d577369c3a4fcbd416"}
,"/Users/matthewmcilree/CS3099/project-code/client/src/components/authentication/LoggedOutRoute.jsx": {"path":"/Users/matthewmcilree/CS3099/project-code/client/src/components/authentication/LoggedOutRoute.jsx","statementMap":{"0":{"start":{"line":5,"column":30},"end":{"line":13,"column":1}},"1":{"start":{"line":6,"column":19},"end":{"line":6,"column":28}},"2":{"start":{"line":8,"column":2},"end":{"line":12,"column":7}},"3":{"start":{"line":9,"column":4},"end":{"line":11,"column":32}}},"fnMap":{"0":{"name":"(anonymous_0)","decl":{"start":{"line":5,"column":30},"end":{"line":5,"column":31}},"loc":{"start":{"line":5,"column":69},"end":{"line":13,"column":1}},"line":5},"1":{"name":"(anonymous_1)","decl":{"start":{"line":8,"column":34},"end":{"line":8,"column":35}},"loc":{"start":{"line":9,"column":4},"end":{"line":11,"column":32}},"line":9}},"branchMap":{"0":{"loc":{"start":{"line":9,"column":4},"end":{"line":11,"column":32}},"type":"cond-expr","locations":[{"start":{"line":10,"column":8},"end":{"line":10,"column":27}},{"start":{"line":11,"column":8},"end":{"line":11,"column":32}}],"line":9}},"s":{"0":6,"1":11,"2":11,"3":11},"f":{"0":11,"1":11},"b":{"0":[2,9]},"_coverageSchema":"1a1c01bbd47fc00a2c39e90264f33305004495a9","hash":"b80b76a540b589899053f253709885416ceff739"}
,"/Users/matthewmcilree/CS3099/project-code/client/src/components/authentication/Login.jsx": {"path":"/Users/matthewmcilree/CS3099/project-code/client/src/components/authentication/Login.jsx","statementMap":{"0":{"start":{"line":10,"column":4},"end":{"line":10,"column":17}},"1":{"start":{"line":11,"column":4},"end":{"line":16,"column":6}},"2":{"start":{"line":20,"column":19},"end":{"line":20,"column":31}},"3":{"start":{"line":21,"column":18},"end":{"line":21,"column":30}},"4":{"start":{"line":22,"column":17},"end":{"line":22,"column":28}},"5":{"start":{"line":23,"column":4},"end":{"line":25,"column":7}},"6":{"start":{"line":29,"column":4},"end":{"line":29,"column":27}},"7":{"start":{"line":30,"column":4},"end":{"line":69,"column":8}},"8":{"start":{"line":40,"column":6},"end":{"line":47,"column":7}},"9":{"start":{"line":41,"column":8},"end":{"line":44,"column":10}},"10":{"start":{"line":42,"column":20},"end":{"line":42,"column":54}},"11":{"start":{"line":43,"column":10},"end":{"line":43,"column":31}},"12":{"start":{"line":46,"column":8},"end":{"line":46,"column":23}},"13":{"start":{"line":50,"column":8},"end":{"line":63,"column":9}},"14":{"start":{"line":51,"column":10},"end":{"line":51,"column":47}},"15":{"start":{"line":52,"column":10},"end":{"line":52,"column":22}},"16":{"start":{"line":54,"column":10},"end":{"line":54,"column":39}},"17":{"start":{"line":55,"column":10},"end":{"line":55,"column":40}},"18":{"start":{"line":58,"column":10},"end":{"line":62,"column":13}},"19":{"start":{"line":66,"column":21},"end":{"line":66,"column":38}},"20":{"start":{"line":67,"column":8},"end":{"line":67,"column":34}},"21":{"start":{"line":68,"column":8},"end":{"line":68,"column":61}},"22":{"start":{"line":73,"column":4},"end":{"line":116,"column":6}},"23":{"start":{"line":100,"column":16},"end":{"line":100,"column":67}},"24":{"start":{"line":102,"column":16},"end":{"line":107,"column":25}}},"fnMap":{"0":{"name":"(anonymous_0)","decl":{"start":{"line":9,"column":2},"end":{"line":9,"column":3}},"loc":{"start":{"line":9,"column":21},"end":{"line":17,"column":3}},"line":9},"1":{"name":"(anonymous_1)","decl":{"start":{"line":19,"column":2},"end":{"line":19,"column":3}},"loc":{"start":{"line":19,"column":22},"end":{"line":26,"column":3}},"line":19},"2":{"name":"(anonymous_2)","decl":{"start":{"line":28,"column":2},"end":{"line":28,"column":3}},"loc":{"start":{"line":28,"column":22},"end":{"line":70,"column":3}},"line":28},"3":{"name":"(anonymous_3)","decl":{"start":{"line":39,"column":12},"end":{"line":39,"column":13}},"loc":{"start":{"line":39,"column":17},"end":{"line":48,"column":5}},"line":39},"4":{"name":"(anonymous_4)","decl":{"start":{"line":41,"column":29},"end":{"line":41,"column":30}},"loc":{"start":{"line":41,"column":40},"end":{"line":44,"column":9}},"line":41},"5":{"name":"(anonymous_5)","decl":{"start":{"line":49,"column":12},"end":{"line":49,"column":13}},"loc":{"start":{"line":49,"column":21},"end":{"line":64,"column":7}},"line":49},"6":{"name":"(anonymous_6)","decl":{"start":{"line":65,"column":13},"end":{"line":65,"column":14}},"loc":{"start":{"line":65,"column":22},"end":{"line":69,"column":7}},"line":65},"7":{"name":"(anonymous_7)","decl":{"start":{"line":72,"column":2},"end":{"line":72,"column":3}},"loc":{"start":{"line":72,"column":11},"end":{"line":117,"column":3}},"line":72},"8":{"name":"(anonymous_8)","decl":{"start":{"line":99,"column":37},"end":{"line":99,"column":38}},"loc":{"start":{"line":100,"column":16},"end":{"line":100,"column":67}},"line":100},"9":{"name":"(anonymous_9)","decl":{"start":{"line":101,"column":46},"end":{"line":101,"column":47}},"loc":{"start":{"line":102,"column":16},"end":{"line":107,"column":25}},"line":102}},"branchMap":{"0":{"loc":{"start":{"line":40,"column":6},"end":{"line":47,"column":7}},"type":"if","locations":[{"start":{"line":40,"column":6},"end":{"line":47,"column":7}},{"start":{"line":40,"column":6},"end":{"line":47,"column":7}}],"line":40},"1":{"loc":{"start":{"line":50,"column":8},"end":{"line":63,"column":9}},"type":"if","locations":[{"start":{"line":50,"column":8},"end":{"line":63,"column":9}},{"start":{"line":50,"column":8},"end":{"line":63,"column":9}}],"line":50},"2":{"loc":{"start":{"line":98,"column":15},"end":{"line":98,"column":119}},"type":"cond-expr","locations":[{"start":{"line":98,"column":41},"end":{"line":98,"column":111}},{"start":{"line":98,"column":115},"end":{"line":98,"column":119}}],"line":98}},"s":{"0":9,"1":9,"2":0,"3":0,"4":0,"5":0,"6":0,"7":0,"8":0,"9":0,"10":0,"11":0,"12":0,"13":0,"14":0,"15":0,"16":0,"17":0,"18":0,"19":0,"20":0,"21":0,"22":9,"23":0,"24":8},"f":{"0":9,"1":0,"2":0,"3":0,"4":0,"5":0,"6":0,"7":9,"8":0,"9":8},"b":{"0":[0,0],"1":[0,0],"2":[0,9]},"_coverageSchema":"1a1c01bbd47fc00a2c39e90264f33305004495a9","hash":"231d35f448161000fa444c854751b8ea403bd42a"}
,"/Users/matthewmcilree/CS3099/project-code/client/src/components/authentication/ModeratorControls.jsx": {"path":"/Users/matthewmcilree/CS3099/project-code/client/src/components/authentication/ModeratorControls.jsx","statementMap":{"0":{"start":{"line":22,"column":8},"end":{"line":22,"column":21}},"1":{"start":{"line":23,"column":8},"end":{"line":36,"column":9}},"2":{"start":{"line":40,"column":8},"end":{"line":40,"column":40}},"3":{"start":{"line":44,"column":8},"end":{"line":48,"column":19}},"4":{"start":{"line":44,"column":99},"end":{"line":44,"column":114}},"5":{"start":{"line":46,"column":16},"end":{"line":48,"column":18}},"6":{"start":{"line":47,"column":49},"end":{"line":47,"column":75}},"7":{"start":{"line":52,"column":8},"end":{"line":52,"column":75}},"8":{"start":{"line":53,"column":8},"end":{"line":53,"column":30}},"9":{"start":{"line":57,"column":23},"end":{"line":57,"column":25}},"10":{"start":{"line":58,"column":8},"end":{"line":60,"column":9}},"11":{"start":{"line":59,"column":12},"end":{"line":59,"column":65}},"12":{"start":{"line":62,"column":8},"end":{"line":64,"column":9}},"13":{"start":{"line":63,"column":12},"end":{"line":63,"column":59}},"14":{"start":{"line":66,"column":8},"end":{"line":66,"column":22}},"15":{"start":{"line":70,"column":8},"end":{"line":70,"column":31}},"16":{"start":{"line":71,"column":23},"end":{"line":71,"column":52}},"17":{"start":{"line":72,"column":8},"end":{"line":75,"column":9}},"18":{"start":{"line":73,"column":12},"end":{"line":73,"column":52}},"19":{"start":{"line":74,"column":12},"end":{"line":74,"column":19}},"20":{"start":{"line":78,"column":31},"end":{"line":90,"column":9}},"21":{"start":{"line":93,"column":8},"end":{"line":108,"column":15}},"22":{"start":{"line":95,"column":16},"end":{"line":100,"column":17}},"23":{"start":{"line":96,"column":20},"end":{"line":96,"column":149}},"24":{"start":{"line":97,"column":20},"end":{"line":97,"column":27}},"25":{"start":{"line":99,"column":20},"end":{"line":99,"column":43}},"26":{"start":{"line":103,"column":16},"end":{"line":107,"column":17}},"27":{"start":{"line":104,"column":33},"end":{"line":104,"column":35}},"28":{"start":{"line":105,"column":20},"end":{"line":105,"column":37}},"29":{"start":{"line":106,"column":20},"end":{"line":106,"column":69}},"30":{"start":{"line":113,"column":8},"end":{"line":181,"column":10}},"31":{"start":{"line":128,"column":48},"end":{"line":128,"column":147}},"32":{"start":{"line":128,"column":96},"end":{"line":128,"column":123}},"33":{"start":{"line":133,"column":64},"end":{"line":133,"column":80}},"34":{"start":{"line":136,"column":48},"end":{"line":144,"column":55}},"35":{"start":{"line":138,"column":56},"end":{"line":142,"column":67}},"36":{"start":{"line":148,"column":48},"end":{"line":148,"column":144}},"37":{"start":{"line":160,"column":85},"end":{"line":160,"column":118}},"38":{"start":{"line":161,"column":86},"end":{"line":161,"column":120}},"39":{"start":{"line":171,"column":28},"end":{"line":171,"column":103}},"40":{"start":{"line":174,"column":28},"end":{"line":174,"column":80}}},"fnMap":{"0":{"name":"(anonymous_0)","decl":{"start":{"line":21,"column":4},"end":{"line":21,"column":5}},"loc":{"start":{"line":21,"column":23},"end":{"line":37,"column":5}},"line":21},"1":{"name":"(anonymous_1)","decl":{"start":{"line":39,"column":4},"end":{"line":39,"column":5}},"loc":{"start":{"line":39,"column":24},"end":{"line":41,"column":5}},"line":39},"2":{"name":"(anonymous_2)","decl":{"start":{"line":43,"column":4},"end":{"line":43,"column":5}},"loc":{"start":{"line":43,"column":27},"end":{"line":49,"column":5}},"line":43},"3":{"name":"(anonymous_3)","decl":{"start":{"line":44,"column":87},"end":{"line":44,"column":88}},"loc":{"start":{"line":44,"column":99},"end":{"line":44,"column":114}},"line":44},"4":{"name":"(anonymous_4)","decl":{"start":{"line":45,"column":18},"end":{"line":45,"column":19}},"loc":{"start":{"line":46,"column":16},"end":{"line":48,"column":18}},"line":46},"5":{"name":"(anonymous_5)","decl":{"start":{"line":47,"column":40},"end":{"line":47,"column":41}},"loc":{"start":{"line":47,"column":49},"end":{"line":47,"column":75}},"line":47},"6":{"name":"(anonymous_6)","decl":{"start":{"line":51,"column":4},"end":{"line":51,"column":5}},"loc":{"start":{"line":51,"column":27},"end":{"line":54,"column":5}},"line":51},"7":{"name":"(anonymous_7)","decl":{"start":{"line":56,"column":4},"end":{"line":56,"column":5}},"loc":{"start":{"line":56,"column":29},"end":{"line":67,"column":5}},"line":56},"8":{"name":"(anonymous_8)","decl":{"start":{"line":69,"column":4},"end":{"line":69,"column":5}},"loc":{"start":{"line":69,"column":24},"end":{"line":109,"column":5}},"line":69},"9":{"name":"(anonymous_9)","decl":{"start":{"line":94,"column":18},"end":{"line":94,"column":19}},"loc":{"start":{"line":94,"column":32},"end":{"line":101,"column":13}},"line":94},"10":{"name":"(anonymous_10)","decl":{"start":{"line":102,"column":18},"end":{"line":102,"column":19}},"loc":{"start":{"line":102,"column":28},"end":{"line":108,"column":13}},"line":102},"11":{"name":"(anonymous_11)","decl":{"start":{"line":112,"column":4},"end":{"line":112,"column":5}},"loc":{"start":{"line":112,"column":13},"end":{"line":182,"column":5}},"line":112},"12":{"name":"(anonymous_12)","decl":{"start":{"line":127,"column":70},"end":{"line":127,"column":71}},"loc":{"start":{"line":127,"column":78},"end":{"line":129,"column":45}},"line":127},"13":{"name":"(anonymous_13)","decl":{"start":{"line":128,"column":90},"end":{"line":128,"column":91}},"loc":{"start":{"line":128,"column":96},"end":{"line":128,"column":123}},"line":128},"14":{"name":"(anonymous_14)","decl":{"start":{"line":133,"column":54},"end":{"line":133,"column":55}},"loc":{"start":{"line":133,"column":64},"end":{"line":133,"column":80}},"line":133},"15":{"name":"(anonymous_15)","decl":{"start":{"line":135,"column":56},"end":{"line":135,"column":57}},"loc":{"start":{"line":136,"column":48},"end":{"line":144,"column":55}},"line":136},"16":{"name":"(anonymous_16)","decl":{"start":{"line":137,"column":65},"end":{"line":137,"column":66}},"loc":{"start":{"line":138,"column":56},"end":{"line":142,"column":67}},"line":138},"17":{"name":"(anonymous_17)","decl":{"start":{"line":147,"column":54},"end":{"line":147,"column":55}},"loc":{"start":{"line":147,"column":68},"end":{"line":149,"column":45}},"line":147},"18":{"name":"(anonymous_18)","decl":{"start":{"line":160,"column":79},"end":{"line":160,"column":80}},"loc":{"start":{"line":160,"column":85},"end":{"line":160,"column":118}},"line":160},"19":{"name":"(anonymous_19)","decl":{"start":{"line":161,"column":80},"end":{"line":161,"column":81}},"loc":{"start":{"line":161,"column":86},"end":{"line":161,"column":120}},"line":161},"20":{"name":"(anonymous_20)","decl":{"start":{"line":170,"column":81},"end":{"line":170,"column":82}},"loc":{"start":{"line":171,"column":28},"end":{"line":171,"column":103}},"line":171},"21":{"name":"(anonymous_21)","decl":{"start":{"line":173,"column":53},"end":{"line":173,"column":54}},"loc":{"start":{"line":174,"column":28},"end":{"line":174,"column":80}},"line":174}},"branchMap":{"0":{"loc":{"start":{"line":44,"column":36},"end":{"line":44,"column":79}},"type":"cond-expr","locations":[{"start":{"line":44,"column":55},"end":{"line":44,"column":74}},{"start":{"line":44,"column":77},"end":{"line":44,"column":79}}],"line":44},"1":{"loc":{"start":{"line":58,"column":8},"end":{"line":60,"column":9}},"type":"if","locations":[{"start":{"line":58,"column":8},"end":{"line":60,"column":9}},{"start":{"line":58,"column":8},"end":{"line":60,"column":9}}],"line":58},"2":{"loc":{"start":{"line":58,"column":12},"end":{"line":58,"column":84}},"type":"binary-expr","locations":[{"start":{"line":58,"column":12},"end":{"line":58,"column":52}},{"start":{"line":58,"column":56},"end":{"line":58,"column":84}}],"line":58},"3":{"loc":{"start":{"line":62,"column":8},"end":{"line":64,"column":9}},"type":"if","locations":[{"start":{"line":62,"column":8},"end":{"line":64,"column":9}},{"start":{"line":62,"column":8},"end":{"line":64,"column":9}}],"line":62},"4":{"loc":{"start":{"line":72,"column":8},"end":{"line":75,"column":9}},"type":"if","locations":[{"start":{"line":72,"column":8},"end":{"line":75,"column":9}},{"start":{"line":72,"column":8},"end":{"line":75,"column":9}}],"line":72},"5":{"loc":{"start":{"line":95,"column":16},"end":{"line":100,"column":17}},"type":"if","locations":[{"start":{"line":95,"column":16},"end":{"line":100,"column":17}},{"start":{"line":95,"column":16},"end":{"line":100,"column":17}}],"line":95},"6":{"loc":{"start":{"line":103,"column":16},"end":{"line":107,"column":17}},"type":"if","locations":[{"start":{"line":103,"column":16},"end":{"line":107,"column":17}},{"start":{"line":103,"column":16},"end":{"line":107,"column":17}}],"line":103},"7":{"loc":{"start":{"line":159,"column":48},"end":{"line":159,"column":103}},"type":"cond-expr","locations":[{"start":{"line":159,"column":72},"end":{"line":159,"column":85}},{"start":{"line":159,"column":88},"end":{"line":159,"column":103}}],"line":159},"8":{"loc":{"start":{"line":170,"column":25},"end":{"line":172,"column":26}},"type":"binary-expr","locations":[{"start":{"line":170,"column":25},"end":{"line":170,"column":55}},{"start":{"line":170,"column":59},"end":{"line":172,"column":26}}],"line":170},"9":{"loc":{"start":{"line":176,"column":25},"end":{"line":176,"column":123}},"type":"binary-expr","locations":[{"start":{"line":176,"column":25},"end":{"line":176,"column":43}},{"start":{"line":176,"column":47},"end":{"line":176,"column":123}}],"line":176}},"s":{"0":0,"1":0,"2":0,"3":0,"4":0,"5":0,"6":0,"7":0,"8":0,"9":0,"10":0,"11":0,"12":0,"13":0,"14":0,"15":0,"16":0,"17":0,"18":0,"19":0,"20":0,"21":0,"22":0,"23":0,"24":0,"25":0,"26":0,"27":0,"28":0,"29":0,"30":0,"31":0,"32":0,"33":0,"34":0,"35":0,"36":0,"37":0,"38":0,"39":0,"40":0},"f":{"0":0,"1":0,"2":0,"3":0,"4":0,"5":0,"6":0,"7":0,"8":0,"9":0,"10":0,"11":0,"12":0,"13":0,"14":0,"15":0,"16":0,"17":0,"18":0,"19":0,"20":0,"21":0},"b":{"0":[0,0],"1":[0,0],"2":[0,0],"3":[0,0],"4":[0,0],"5":[0,0],"6":[0,0],"7":[0,0],"8":[0,0],"9":[0,0]},"_coverageSchema":"1a1c01bbd47fc00a2c39e90264f33305004495a9","hash":"8a77b8dba5c35c4426b9f1eb3d031bf3954d3e75"}
,"/Users/matthewmcilree/CS3099/project-code/client/src/components/authentication/PrivateRoute.jsx": {"path":"/Users/matthewmcilree/CS3099/project-code/client/src/components/authentication/PrivateRoute.jsx","statementMap":{"0":{"start":{"line":5,"column":28},"end":{"line":13,"column":1}},"1":{"start":{"line":6,"column":19},"end":{"line":6,"column":28}},"2":{"start":{"line":8,"column":2},"end":{"line":12,"column":7}},"3":{"start":{"line":9,"column":4},"end":{"line":11,"column":32}}},"fnMap":{"0":{"name":"(anonymous_0)","decl":{"start":{"line":5,"column":28},"end":{"line":5,"column":29}},"loc":{"start":{"line":5,"column":67},"end":{"line":13,"column":1}},"line":5},"1":{"name":"(anonymous_1)","decl":{"start":{"line":8,"column":34},"end":{"line":8,"column":35}},"loc":{"start":{"line":9,"column":4},"end":{"line":11,"column":32}},"line":9}},"branchMap":{"0":{"loc":{"start":{"line":9,"column":4},"end":{"line":11,"column":32}},"type":"cond-expr","locations":[{"start":{"line":10,"column":8},"end":{"line":10,"column":32}},{"start":{"line":11,"column":8},"end":{"line":11,"column":32}}],"line":9}},"s":{"0":6,"1":16,"2":16,"3":16},"f":{"0":16,"1":16},"b":{"0":[9,7]},"_coverageSchema":"1a1c01bbd47fc00a2c39e90264f33305004495a9","hash":"2cb60d938097dcd91a188b42d171f49bd7462ffe"}
,"/Users/matthewmcilree/CS3099/project-code/client/src/components/authentication/SignUp.jsx": {"path":"/Users/matthewmcilree/CS3099/project-code/client/src/components/authentication/SignUp.jsx","statementMap":{"0":{"start":{"line":9,"column":4},"end":{"line":9,"column":17}},"1":{"start":{"line":10,"column":4},"end":{"line":16,"column":6}},"2":{"start":{"line":19,"column":19},"end":{"line":19,"column":21}},"3":{"start":{"line":21,"column":4},"end":{"line":27,"column":7}},"4":{"start":{"line":25,"column":8},"end":{"line":25,"column":61}},"5":{"start":{"line":26,"column":8},"end":{"line":26,"column":22}},"6":{"start":{"line":28,"column":4},"end":{"line":30,"column":5}},"7":{"start":{"line":29,"column":6},"end":{"line":29,"column":61}},"8":{"start":{"line":32,"column":4},"end":{"line":34,"column":5}},"9":{"start":{"line":32,"column":47},"end":{"line":32,"column":56}},"10":{"start":{"line":33,"column":6},"end":{"line":33,"column":56}},"11":{"start":{"line":36,"column":4},"end":{"line":38,"column":5}},"12":{"start":{"line":37,"column":6},"end":{"line":37,"column":45}},"13":{"start":{"line":39,"column":4},"end":{"line":49,"column":5}},"14":{"start":{"line":40,"column":6},"end":{"line":48,"column":23}},"15":{"start":{"line":51,"column":4},"end":{"line":51,"column":18}},"16":{"start":{"line":54,"column":4},"end":{"line":54,"column":29}},"17":{"start":{"line":57,"column":19},"end":{"line":57,"column":31}},"18":{"start":{"line":58,"column":18},"end":{"line":58,"column":30}},"19":{"start":{"line":59,"column":17},"end":{"line":59,"column":28}},"20":{"start":{"line":60,"column":4},"end":{"line":62,"column":7}},"21":{"start":{"line":66,"column":4},"end":{"line":66,"column":27}},"22":{"start":{"line":68,"column":19},"end":{"line":68,"column":38}},"23":{"start":{"line":69,"column":4},"end":{"line":72,"column":5}},"24":{"start":{"line":70,"column":6},"end":{"line":70,"column":30}},"25":{"start":{"line":71,"column":6},"end":{"line":71,"column":13}},"26":{"start":{"line":73,"column":16},"end":{"line":82,"column":8}},"27":{"start":{"line":85,"column":4},"end":{"line":96,"column":8}},"28":{"start":{"line":86,"column":6},"end":{"line":88,"column":7}},"29":{"start":{"line":87,"column":8},"end":{"line":87,"column":26}},"30":{"start":{"line":89,"column":6},"end":{"line":89,"column":22}},"31":{"start":{"line":92,"column":6},"end":{"line":92,"column":39}},"32":{"start":{"line":95,"column":6},"end":{"line":95,"column":40}},"33":{"start":{"line":100,"column":21},"end":{"line":100,"column":31}},"34":{"start":{"line":101,"column":4},"end":{"line":170,"column":6}},"35":{"start":{"line":153,"column":16},"end":{"line":153,"column":68}}},"fnMap":{"0":{"name":"(anonymous_0)","decl":{"start":{"line":8,"column":2},"end":{"line":8,"column":3}},"loc":{"start":{"line":8,"column":21},"end":{"line":17,"column":3}},"line":8},"1":{"name":"(anonymous_1)","decl":{"start":{"line":18,"column":2},"end":{"line":18,"column":3}},"loc":{"start":{"line":18,"column":17},"end":{"line":52,"column":3}},"line":18},"2":{"name":"(anonymous_2)","decl":{"start":{"line":32,"column":42},"end":{"line":32,"column":43}},"loc":{"start":{"line":32,"column":47},"end":{"line":32,"column":56}},"line":32},"3":{"name":"(anonymous_3)","decl":{"start":{"line":53,"column":2},"end":{"line":53,"column":3}},"loc":{"start":{"line":53,"column":30},"end":{"line":55,"column":3}},"line":53},"4":{"name":"(anonymous_4)","decl":{"start":{"line":56,"column":2},"end":{"line":56,"column":3}},"loc":{"start":{"line":56,"column":22},"end":{"line":63,"column":3}},"line":56},"5":{"name":"(anonymous_5)","decl":{"start":{"line":65,"column":2},"end":{"line":65,"column":3}},"loc":{"start":{"line":65,"column":22},"end":{"line":97,"column":3}},"line":65},"6":{"name":"(anonymous_6)","decl":{"start":{"line":85,"column":39},"end":{"line":85,"column":40}},"loc":{"start":{"line":85,"column":53},"end":{"line":90,"column":7}},"line":85},"7":{"name":"(anonymous_7)","decl":{"start":{"line":91,"column":11},"end":{"line":91,"column":12}},"loc":{"start":{"line":91,"column":25},"end":{"line":93,"column":7}},"line":91},"8":{"name":"(anonymous_8)","decl":{"start":{"line":94,"column":11},"end":{"line":94,"column":12}},"loc":{"start":{"line":94,"column":22},"end":{"line":96,"column":7}},"line":94},"9":{"name":"(anonymous_9)","decl":{"start":{"line":99,"column":2},"end":{"line":99,"column":3}},"loc":{"start":{"line":99,"column":11},"end":{"line":171,"column":3}},"line":99},"10":{"name":"(anonymous_10)","decl":{"start":{"line":152,"column":26},"end":{"line":152,"column":27}},"loc":{"start":{"line":153,"column":16},"end":{"line":153,"column":68}},"line":153}},"branchMap":{"0":{"loc":{"start":{"line":21,"column":4},"end":{"line":27,"column":7}},"type":"if","locations":[{"start":{"line":21,"column":4},"end":{"line":27,"column":7}},{"start":{"line":21,"column":4},"end":{"line":27,"column":7}}],"line":21},"1":{"loc":{"start":{"line":21,"column":7},"end":{"line":24,"column":45}},"type":"binary-expr","locations":[{"start":{"line":21,"column":7},"end":{"line":21,"column":39}},{"start":{"line":22,"column":6},"end":{"line":22,"column":35}},{"start":{"line":23,"column":6},"end":{"line":23,"column":38}},{"start":{"line":24,"column":6},"end":{"line":24,"column":45}}],"line":21},"2":{"loc":{"start":{"line":28,"column":4},"end":{"line":30,"column":5}},"type":"if","locations":[{"start":{"line":28,"column":4},"end":{"line":30,"column":5}},{"start":{"line":28,"column":4},"end":{"line":30,"column":5}}],"line":28},"3":{"loc":{"start":{"line":32,"column":4},"end":{"line":34,"column":5}},"type":"if","locations":[{"start":{"line":32,"column":4},"end":{"line":34,"column":5}},{"start":{"line":32,"column":4},"end":{"line":34,"column":5}}],"line":32},"4":{"loc":{"start":{"line":36,"column":4},"end":{"line":38,"column":5}},"type":"if","locations":[{"start":{"line":36,"column":4},"end":{"line":38,"column":5}},{"start":{"line":36,"column":4},"end":{"line":38,"column":5}}],"line":36},"5":{"loc":{"start":{"line":39,"column":4},"end":{"line":49,"column":5}},"type":"if","locations":[{"start":{"line":39,"column":4},"end":{"line":49,"column":5}},{"start":{"line":39,"column":4},"end":{"line":49,"column":5}}],"line":39},"6":{"loc":{"start":{"line":69,"column":4},"end":{"line":72,"column":5}},"type":"if","locations":[{"start":{"line":69,"column":4},"end":{"line":72,"column":5}},{"start":{"line":69,"column":4},"end":{"line":72,"column":5}}],"line":69},"7":{"loc":{"start":{"line":86,"column":6},"end":{"line":88,"column":7}},"type":"if","locations":[{"start":{"line":86,"column":6},"end":{"line":88,"column":7}},{"start":{"line":86,"column":6},"end":{"line":88,"column":7}}],"line":86},"8":{"loc":{"start":{"line":130,"column":15},"end":{"line":130,"column":120}},"type":"cond-expr","locations":[{"start":{"line":130,"column":41},"end":{"line":130,"column":112}},{"start":{"line":130,"column":116},"end":{"line":130,"column":120}}],"line":130}},"s":{"0":27,"1":27,"2":25,"3":25,"4":4,"5":4,"6":21,"7":4,"8":21,"9":295,"10":4,"11":21,"12":4,"13":21,"14":5,"15":21,"16":25,"17":100,"18":100,"19":100,"20":100,"21":25,"22":25,"23":25,"24":21,"25":21,"26":4,"27":4,"28":4,"29":0,"30":4,"31":4,"32":4,"33":152,"34":152,"35":21},"f":{"0":27,"1":25,"2":295,"3":25,"4":100,"5":25,"6":4,"7":4,"8":4,"9":152,"10":21},"b":{"0":[4,21],"1":[25,23,22,21],"2":[4,17],"3":[4,17],"4":[4,17],"5":[5,16],"6":[21,4],"7":[0,4],"8":[4,148]},"_coverageSchema":"1a1c01bbd47fc00a2c39e90264f33305004495a9","hash":"52214d35050154ac51a61ffbaf71729665c4fc3f"}
,"/Users/matthewmcilree/CS3099/project-code/client/src/components/comments/CommentCreator.jsx": {"path":"/Users/matthewmcilree/CS3099/project-code/client/src/components/comments/CommentCreator.jsx","statementMap":{"0":{"start":{"line":10,"column":8},"end":{"line":10,"column":21}},"1":{"start":{"line":11,"column":8},"end":{"line":18,"column":10}},"2":{"start":{"line":23,"column":8},"end":{"line":30,"column":29}},"3":{"start":{"line":23,"column":52},"end":{"line":23,"column":67}},"4":{"start":{"line":25,"column":16},"end":{"line":29,"column":18}},"5":{"start":{"line":34,"column":8},"end":{"line":44,"column":13}},"6":{"start":{"line":36,"column":12},"end":{"line":38,"column":13}},"7":{"start":{"line":37,"column":14},"end":{"line":37,"column":32}},"8":{"start":{"line":39,"column":12},"end":{"line":39,"column":34}},"9":{"start":{"line":42,"column":12},"end":{"line":42,"column":92}},"10":{"start":{"line":48,"column":23},"end":{"line":48,"column":35}},"11":{"start":{"line":49,"column":22},"end":{"line":49,"column":34}},"12":{"start":{"line":50,"column":21},"end":{"line":50,"column":32}},"13":{"start":{"line":51,"column":8},"end":{"line":53,"column":11}},"14":{"start":{"line":57,"column":8},"end":{"line":57,"column":31}},"15":{"start":{"line":58,"column":31},"end":{"line":81,"column":9}},"16":{"start":{"line":84,"column":8},"end":{"line":86,"column":9}},"17":{"start":{"line":85,"column":12},"end":{"line":85,"column":58}},"18":{"start":{"line":88,"column":8},"end":{"line":88,"column":66}},"19":{"start":{"line":90,"column":8},"end":{"line":104,"column":14}},"20":{"start":{"line":92,"column":16},"end":{"line":99,"column":17}},"21":{"start":{"line":93,"column":20},"end":{"line":96,"column":22}},"22":{"start":{"line":94,"column":34},"end":{"line":94,"column":68}},"23":{"start":{"line":95,"column":24},"end":{"line":95,"column":45}},"24":{"start":{"line":98,"column":20},"end":{"line":98,"column":36}},"25":{"start":{"line":101,"column":30},"end":{"line":101,"column":89}},"26":{"start":{"line":103,"column":16},"end":{"line":103,"column":55}},"27":{"start":{"line":105,"column":8},"end":{"line":107,"column":9}},"28":{"start":{"line":106,"column":12},"end":{"line":106,"column":34}},"29":{"start":{"line":111,"column":8},"end":{"line":111,"column":32}},"30":{"start":{"line":115,"column":8},"end":{"line":135,"column":9}}},"fnMap":{"0":{"name":"(anonymous_0)","decl":{"start":{"line":9,"column":4},"end":{"line":9,"column":5}},"loc":{"start":{"line":9,"column":23},"end":{"line":19,"column":5}},"line":9},"1":{"name":"(anonymous_1)","decl":{"start":{"line":22,"column":4},"end":{"line":22,"column":5}},"loc":{"start":{"line":22,"column":23},"end":{"line":31,"column":5}},"line":22},"2":{"name":"(anonymous_2)","decl":{"start":{"line":23,"column":40},"end":{"line":23,"column":41}},"loc":{"start":{"line":23,"column":52},"end":{"line":23,"column":67}},"line":23},"3":{"name":"(anonymous_3)","decl":{"start":{"line":24,"column":18},"end":{"line":24,"column":19}},"loc":{"start":{"line":25,"column":16},"end":{"line":29,"column":18}},"line":25},"4":{"name":"(anonymous_4)","decl":{"start":{"line":30,"column":20},"end":{"line":30,"column":21}},"loc":{"start":{"line":30,"column":26},"end":{"line":30,"column":28}},"line":30},"5":{"name":"(anonymous_5)","decl":{"start":{"line":33,"column":4},"end":{"line":33,"column":5}},"loc":{"start":{"line":33,"column":23},"end":{"line":45,"column":7}},"line":33},"6":{"name":"(anonymous_6)","decl":{"start":{"line":35,"column":16},"end":{"line":35,"column":17}},"loc":{"start":{"line":35,"column":28},"end":{"line":40,"column":11}},"line":35},"7":{"name":"(anonymous_7)","decl":{"start":{"line":41,"column":17},"end":{"line":41,"column":18}},"loc":{"start":{"line":42,"column":12},"end":{"line":42,"column":92}},"line":42},"8":{"name":"(anonymous_8)","decl":{"start":{"line":43,"column":18},"end":{"line":43,"column":19}},"loc":{"start":{"line":43,"column":27},"end":{"line":44,"column":11}},"line":43},"9":{"name":"(anonymous_9)","decl":{"start":{"line":47,"column":4},"end":{"line":47,"column":5}},"loc":{"start":{"line":47,"column":24},"end":{"line":54,"column":5}},"line":47},"10":{"name":"(anonymous_10)","decl":{"start":{"line":56,"column":4},"end":{"line":56,"column":5}},"loc":{"start":{"line":56,"column":30},"end":{"line":108,"column":5}},"line":56},"11":{"name":"(anonymous_11)","decl":{"start":{"line":91,"column":18},"end":{"line":91,"column":19}},"loc":{"start":{"line":91,"column":32},"end":{"line":100,"column":13}},"line":91},"12":{"name":"(anonymous_12)","decl":{"start":{"line":93,"column":48},"end":{"line":93,"column":49}},"loc":{"start":{"line":93,"column":59},"end":{"line":96,"column":21}},"line":93},"13":{"name":"(anonymous_13)","decl":{"start":{"line":101,"column":18},"end":{"line":101,"column":19}},"loc":{"start":{"line":101,"column":30},"end":{"line":101,"column":89}},"line":101},"14":{"name":"(anonymous_14)","decl":{"start":{"line":102,"column":19},"end":{"line":102,"column":20}},"loc":{"start":{"line":102,"column":28},"end":{"line":104,"column":13}},"line":102},"15":{"name":"(anonymous_15)","decl":{"start":{"line":110,"column":4},"end":{"line":110,"column":5}},"loc":{"start":{"line":110,"column":24},"end":{"line":112,"column":5}},"line":110},"16":{"name":"(anonymous_16)","decl":{"start":{"line":114,"column":4},"end":{"line":114,"column":5}},"loc":{"start":{"line":114,"column":13},"end":{"line":136,"column":5}},"line":114}},"branchMap":{"0":{"loc":{"start":{"line":36,"column":12},"end":{"line":38,"column":13}},"type":"if","locations":[{"start":{"line":36,"column":12},"end":{"line":38,"column":13}},{"start":{"line":36,"column":12},"end":{"line":38,"column":13}}],"line":36},"1":{"loc":{"start":{"line":36,"column":16},"end":{"line":36,"column":54}},"type":"binary-expr","locations":[{"start":{"line":36,"column":16},"end":{"line":36,"column":28}},{"start":{"line":36,"column":32},"end":{"line":36,"column":54}}],"line":36},"2":{"loc":{"start":{"line":84,"column":8},"end":{"line":86,"column":9}},"type":"if","locations":[{"start":{"line":84,"column":8},"end":{"line":86,"column":9}},{"start":{"line":84,"column":8},"end":{"line":86,"column":9}}],"line":84},"3":{"loc":{"start":{"line":92,"column":16},"end":{"line":99,"column":17}},"type":"if","locations":[{"start":{"line":92,"column":16},"end":{"line":99,"column":17}},{"start":{"line":92,"column":16},"end":{"line":99,"column":17}}],"line":92},"4":{"loc":{"start":{"line":92,"column":20},"end":{"line":92,"column":67}},"type":"binary-expr","locations":[{"start":{"line":92,"column":20},"end":{"line":92,"column":42}},{"start":{"line":92,"column":46},"end":{"line":92,"column":67}}],"line":92},"5":{"loc":{"start":{"line":105,"column":8},"end":{"line":107,"column":9}},"type":"if","locations":[{"start":{"line":105,"column":8},"end":{"line":107,"column":9}},{"start":{"line":105,"column":8},"end":{"line":107,"column":9}}],"line":105},"6":{"loc":{"start":{"line":118,"column":21},"end":{"line":118,"column":97}},"type":"cond-expr","locations":[{"start":{"line":118,"column":40},"end":{"line":118,"column":90}},{"start":{"line":118,"column":93},"end":{"line":118,"column":97}}],"line":118}},"s":{"0":0,"1":0,"2":0,"3":0,"4":0,"5":0,"6":0,"7":0,"8":0,"9":0,"10":0,"11":0,"12":0,"13":0,"14":0,"15":0,"16":0,"17":0,"18":0,"19":0,"20":0,"21":0,"22":0,"23":0,"24":0,"25":0,"26":0,"27":0,"28":0,"29":0,"30":0},"f":{"0":0,"1":0,"2":0,"3":0,"4":0,"5":0,"6":0,"7":0,"8":0,"9":0,"10":0,"11":0,"12":0,"13":0,"14":0,"15":0,"16":0},"b":{"0":[0,0],"1":[0,0],"2":[0,0],"3":[0,0],"4":[0,0],"5":[0,0],"6":[0,0]},"_coverageSchema":"1a1c01bbd47fc00a2c39e90264f33305004495a9","hash":"809703496c947233973518436269326ca318bdfa"}
,"/Users/matthewmcilree/CS3099/project-code/client/src/components/comments/CommentsViewer.jsx": {"path":"/Users/matthewmcilree/CS3099/project-code/client/src/components/comments/CommentsViewer.jsx","statementMap":{"0":{"start":{"line":15,"column":4},"end":{"line":15,"column":17}},"1":{"start":{"line":16,"column":4},"end":{"line":29,"column":5}},"2":{"start":{"line":33,"column":4},"end":{"line":39,"column":8}},"3":{"start":{"line":33,"column":48},"end":{"line":33,"column":63}},"4":{"start":{"line":35,"column":8},"end":{"line":37,"column":10}},"5":{"start":{"line":38,"column":8},"end":{"line":38,"column":31}},"6":{"start":{"line":43,"column":4},"end":{"line":43,"column":47}},"7":{"start":{"line":47,"column":4},"end":{"line":47,"column":67}},"8":{"start":{"line":52,"column":4},"end":{"line":78,"column":81}},"9":{"start":{"line":60,"column":8},"end":{"line":69,"column":9}},"10":{"start":{"line":61,"column":10},"end":{"line":66,"column":11}},"11":{"start":{"line":62,"column":12},"end":{"line":65,"column":14}},"12":{"start":{"line":63,"column":24},"end":{"line":63,"column":58}},"13":{"start":{"line":64,"column":14},"end":{"line":64,"column":35}},"14":{"start":{"line":68,"column":10},"end":{"line":68,"column":32}},"15":{"start":{"line":72,"column":8},"end":{"line":75,"column":10}},"16":{"start":{"line":76,"column":8},"end":{"line":76,"column":29}},"17":{"start":{"line":78,"column":22},"end":{"line":78,"column":79}},"18":{"start":{"line":83,"column":54},"end":{"line":83,"column":64}},"19":{"start":{"line":85,"column":25},"end":{"line":107,"column":9}},"20":{"start":{"line":85,"column":81},"end":{"line":85,"column":110}},"21":{"start":{"line":87,"column":8},"end":{"line":87,"column":37}},"22":{"start":{"line":88,"column":8},"end":{"line":106,"column":85}},"23":{"start":{"line":96,"column":12},"end":{"line":103,"column":13}},"24":{"start":{"line":97,"column":14},"end":{"line":100,"column":16}},"25":{"start":{"line":98,"column":26},"end":{"line":98,"column":60}},"26":{"start":{"line":99,"column":16},"end":{"line":99,"column":37}},"27":{"start":{"line":102,"column":14},"end":{"line":102,"column":37}},"28":{"start":{"line":105,"column":24},"end":{"line":105,"column":28}},"29":{"start":{"line":106,"column":26},"end":{"line":106,"column":83}},"30":{"start":{"line":109,"column":4},"end":{"line":109,"column":81}},"31":{"start":{"line":113,"column":4},"end":{"line":113,"column":28}},"32":{"start":{"line":117,"column":4},"end":{"line":119,"column":5}},"33":{"start":{"line":118,"column":6},"end":{"line":118,"column":29}},"34":{"start":{"line":123,"column":33},"end":{"line":123,"column":43}},"35":{"start":{"line":125,"column":4},"end":{"line":176,"column":6}},"36":{"start":{"line":131,"column":16},"end":{"line":131,"column":91}},"37":{"start":{"line":144,"column":75},"end":{"line":144,"column":118}},"38":{"start":{"line":156,"column":51},"end":{"line":156,"column":66}},"39":{"start":{"line":157,"column":16},"end":{"line":168,"column":24}}},"fnMap":{"0":{"name":"(anonymous_0)","decl":{"start":{"line":14,"column":2},"end":{"line":14,"column":3}},"loc":{"start":{"line":14,"column":21},"end":{"line":30,"column":3}},"line":14},"1":{"name":"(anonymous_1)","decl":{"start":{"line":32,"column":2},"end":{"line":32,"column":3}},"loc":{"start":{"line":32,"column":21},"end":{"line":40,"column":3}},"line":32},"2":{"name":"(anonymous_2)","decl":{"start":{"line":33,"column":36},"end":{"line":33,"column":37}},"loc":{"start":{"line":33,"column":48},"end":{"line":33,"column":63}},"line":33},"3":{"name":"(anonymous_3)","decl":{"start":{"line":34,"column":12},"end":{"line":34,"column":13}},"loc":{"start":{"line":34,"column":20},"end":{"line":39,"column":7}},"line":34},"4":{"name":"(anonymous_4)","decl":{"start":{"line":42,"column":2},"end":{"line":42,"column":3}},"loc":{"start":{"line":42,"column":28},"end":{"line":44,"column":3}},"line":42},"5":{"name":"(anonymous_5)","decl":{"start":{"line":46,"column":2},"end":{"line":46,"column":3}},"loc":{"start":{"line":46,"column":29},"end":{"line":48,"column":3}},"line":46},"6":{"name":"(anonymous_6)","decl":{"start":{"line":51,"column":2},"end":{"line":51,"column":3}},"loc":{"start":{"line":51,"column":26},"end":{"line":80,"column":3}},"line":51},"7":{"name":"(anonymous_7)","decl":{"start":{"line":59,"column":12},"end":{"line":59,"column":13}},"loc":{"start":{"line":59,"column":24},"end":{"line":70,"column":7}},"line":59},"8":{"name":"(anonymous_8)","decl":{"start":{"line":62,"column":40},"end":{"line":62,"column":41}},"loc":{"start":{"line":62,"column":51},"end":{"line":65,"column":13}},"line":62},"9":{"name":"(anonymous_9)","decl":{"start":{"line":71,"column":12},"end":{"line":71,"column":13}},"loc":{"start":{"line":71,"column":20},"end":{"line":77,"column":7}},"line":71},"10":{"name":"(anonymous_10)","decl":{"start":{"line":78,"column":13},"end":{"line":78,"column":14}},"loc":{"start":{"line":78,"column":22},"end":{"line":78,"column":79}},"line":78},"11":{"name":"(anonymous_11)","decl":{"start":{"line":82,"column":2},"end":{"line":82,"column":3}},"loc":{"start":{"line":82,"column":24},"end":{"line":110,"column":3}},"line":82},"12":{"name":"(anonymous_12)","decl":{"start":{"line":85,"column":70},"end":{"line":85,"column":71}},"loc":{"start":{"line":85,"column":81},"end":{"line":85,"column":110}},"line":85},"13":{"name":"(anonymous_13)","decl":{"start":{"line":86,"column":6},"end":{"line":86,"column":7}},"loc":{"start":{"line":86,"column":25},"end":{"line":107,"column":7}},"line":86},"14":{"name":"(anonymous_14)","decl":{"start":{"line":95,"column":16},"end":{"line":95,"column":17}},"loc":{"start":{"line":95,"column":28},"end":{"line":104,"column":11}},"line":95},"15":{"name":"(anonymous_15)","decl":{"start":{"line":97,"column":42},"end":{"line":97,"column":43}},"loc":{"start":{"line":97,"column":53},"end":{"line":100,"column":15}},"line":97},"16":{"name":"(anonymous_16)","decl":{"start":{"line":105,"column":16},"end":{"line":105,"column":17}},"loc":{"start":{"line":105,"column":24},"end":{"line":105,"column":28}},"line":105},"17":{"name":"(anonymous_17)","decl":{"start":{"line":106,"column":17},"end":{"line":106,"column":18}},"loc":{"start":{"line":106,"column":26},"end":{"line":106,"column":83}},"line":106},"18":{"name":"(anonymous_18)","decl":{"start":{"line":112,"column":2},"end":{"line":112,"column":3}},"loc":{"start":{"line":112,"column":22},"end":{"line":114,"column":3}},"line":112},"19":{"name":"(anonymous_19)","decl":{"start":{"line":116,"column":2},"end":{"line":116,"column":3}},"loc":{"start":{"line":116,"column":23},"end":{"line":120,"column":3}},"line":116},"20":{"name":"(anonymous_20)","decl":{"start":{"line":122,"column":2},"end":{"line":122,"column":3}},"loc":{"start":{"line":122,"column":11},"end":{"line":177,"column":3}},"line":122},"21":{"name":"(anonymous_21)","decl":{"start":{"line":130,"column":51},"end":{"line":130,"column":52}},"loc":{"start":{"line":130,"column":57},"end":{"line":132,"column":15}},"line":130},"22":{"name":"(anonymous_22)","decl":{"start":{"line":144,"column":69},"end":{"line":144,"column":70}},"loc":{"start":{"line":144,"column":75},"end":{"line":144,"column":118}},"line":144},"23":{"name":"(anonymous_23)","decl":{"start":{"line":156,"column":40},"end":{"line":156,"column":41}},"loc":{"start":{"line":156,"column":51},"end":{"line":156,"column":66}},"line":156},"24":{"name":"(anonymous_24)","decl":{"start":{"line":156,"column":82},"end":{"line":156,"column":83}},"loc":{"start":{"line":157,"column":16},"end":{"line":168,"column":24}},"line":157}},"branchMap":{"0":{"loc":{"start":{"line":19,"column":12},"end":{"line":19,"column":89}},"type":"cond-expr","locations":[{"start":{"line":19,"column":47},"end":{"line":19,"column":79}},{"start":{"line":19,"column":82},"end":{"line":19,"column":89}}],"line":19},"1":{"loc":{"start":{"line":52,"column":63},"end":{"line":52,"column":128}},"type":"cond-expr","locations":[{"start":{"line":52,"column":93},"end":{"line":52,"column":123}},{"start":{"line":52,"column":126},"end":{"line":52,"column":128}}],"line":52},"2":{"loc":{"start":{"line":60,"column":8},"end":{"line":69,"column":9}},"type":"if","locations":[{"start":{"line":60,"column":8},"end":{"line":69,"column":9}},{"start":{"line":60,"column":8},"end":{"line":69,"column":9}}],"line":60},"3":{"loc":{"start":{"line":61,"column":10},"end":{"line":66,"column":11}},"type":"if","locations":[{"start":{"line":61,"column":10},"end":{"line":66,"column":11}},{"start":{"line":61,"column":10},"end":{"line":66,"column":11}}],"line":61},"4":{"loc":{"start":{"line":88,"column":52},"end":{"line":88,"column":117}},"type":"cond-expr","locations":[{"start":{"line":88,"column":82},"end":{"line":88,"column":112}},{"start":{"line":88,"column":115},"end":{"line":88,"column":117}}],"line":88},"5":{"loc":{"start":{"line":96,"column":12},"end":{"line":103,"column":13}},"type":"if","locations":[{"start":{"line":96,"column":12},"end":{"line":103,"column":13}},{"start":{"line":96,"column":12},"end":{"line":103,"column":13}}],"line":96},"6":{"loc":{"start":{"line":117,"column":4},"end":{"line":119,"column":5}},"type":"if","locations":[{"start":{"line":117,"column":4},"end":{"line":119,"column":5}},{"start":{"line":117,"column":4},"end":{"line":119,"column":5}}],"line":117},"7":{"loc":{"start":{"line":128,"column":11},"end":{"line":173,"column":134}},"type":"cond-expr","locations":[{"start":{"line":129,"column":12},"end":{"line":172,"column":24}},{"start":{"line":173,"column":12},"end":{"line":173,"column":134}}],"line":128},"8":{"loc":{"start":{"line":128,"column":11},"end":{"line":128,"column":31}},"type":"binary-expr","locations":[{"start":{"line":128,"column":11},"end":{"line":128,"column":21}},{"start":{"line":128,"co
[...]
:{"start":{"line":154,"column":24},"end":{"line":154,"column":96}},"45":{"start":{"line":155,"column":4},"end":{"line":175,"column":5}},"46":{"start":{"line":156,"column":6},"end":{"line":156,"column":29}},"47":{"start":{"line":158,"column":29},"end":{"line":164,"column":7}},"48":{"start":{"line":165,"column":6},"end":{"line":165,"column":64}},"49":{"start":{"line":167,"column":6},"end":{"line":174,"column":8}},"50":{"start":{"line":168,"column":8},"end":{"line":173,"column":28}},"51":{"start":{"line":169,"column":20},"end":{"line":169,"column":28}},"52":{"start":{"line":170,"column":11},"end":{"line":172,"column":12}},"53":{"start":{"line":171,"column":13},"end":{"line":171,"column":22}},"54":{"start":{"line":180,"column":32},"end":{"line":180,"column":42}},"55":{"start":{"line":181,"column":4},"end":{"line":263,"column":6}},"56":{"start":{"line":189,"column":16},"end":{"line":189,"column":68}}},"fnMap":{"0":{"name":"(anonymous_0)","decl":{"start":{"line":7,"column":2},"end":{"line":7,"column":3}},"loc":{"start":{"line":7,"column":21},"end":{"line":26,"column":3}},"line":7},"1":{"name":"(anonymous_1)","decl":{"start":{"line":28,"column":2},"end":{"line":28,"column":3}},"loc":{"start":{"line":28,"column":22},"end":{"line":30,"column":3}},"line":28},"2":{"name":"(anonymous_2)","decl":{"start":{"line":32,"column":2},"end":{"line":32,"column":3}},"loc":{"start":{"line":32,"column":21},"end":{"line":46,"column":3}},"line":32},"3":{"name":"(anonymous_3)","decl":{"start":{"line":33,"column":36},"end":{"line":33,"column":37}},"loc":{"start":{"line":33,"column":48},"end":{"line":33,"column":63}},"line":33},"4":{"name":"(anonymous_4)","decl":{"start":{"line":34,"column":12},"end":{"line":34,"column":13}},"loc":{"start":{"line":35,"column":8},"end":{"line":43,"column":10}},"line":35},"5":{"name":"(anonymous_5)","decl":{"start":{"line":44,"column":14},"end":{"line":44,"column":15}},"loc":{"start":{"line":44,"column":20},"end":{"line":44,"column":22}},"line":44},"6":{"name":"(anonymous_6)","decl":{"start":{"line":48,"column":2},"end":{"line":48,"column":3}},"loc":{"start":{"line":48,"column":22},"end":{"line":55,"column":3}},"line":48},"7":{"name":"(anonymous_7)","decl":{"start":{"line":57,"column":2},"end":{"line":57,"column":3}},"loc":{"start":{"line":57,"column":30},"end":{"line":59,"column":3}},"line":57},"8":{"name":"(anonymous_8)","decl":{"start":{"line":61,"column":2},"end":{"line":61,"column":3}},"loc":{"start":{"line":61,"column":17},"end":{"line":78,"column":3}},"line":61},"9":{"name":"(anonymous_9)","decl":{"start":{"line":80,"column":2},"end":{"line":80,"column":3}},"loc":{"start":{"line":80,"column":26},"end":{"line":110,"column":3}},"line":80},"10":{"name":"(anonymous_10)","decl":{"start":{"line":99,"column":59},"end":{"line":99,"column":60}},"loc":{"start":{"line":99,"column":64},"end":{"line":99,"column":72}},"line":99},"11":{"name":"(anonymous_11)","decl":{"start":{"line":99,"column":79},"end":{"line":99,"column":80}},"loc":{"start":{"line":99,"column":93},"end":{"line":105,"column":5}},"line":99},"12":{"name":"(anonymous_12)","decl":{"start":{"line":105,"column":13},"end":{"line":105,"column":14}},"loc":{"start":{"line":105,"column":19},"end":{"line":105,"column":21}},"line":105},"13":{"name":"(anonymous_13)","decl":{"start":{"line":112,"column":2},"end":{"line":112,"column":3}},"loc":{"start":{"line":112,"column":31},"end":{"line":129,"column":3}},"line":112},"14":{"name":"(anonymous_14)","decl":{"start":{"line":131,"column":2},"end":{"line":131,"column":3}},"loc":{"start":{"line":131,"column":35},"end":{"line":150,"column":3}},"line":131},"15":{"name":"(anonymous_15)","decl":{"start":{"line":145,"column":12},"end":{"line":145,"column":13}},"loc":{"start":{"line":145,"column":24},"end":{"line":148,"column":7}},"line":145},"16":{"name":"(anonymous_16)","decl":{"start":{"line":148,"column":15},"end":{"line":148,"column":16}},"loc":{"start":{"line":148,"column":21},"end":{"line":148,"column":23}},"line":148},"17":{"name":"(anonymous_17)","decl":{"start":{"line":153,"column":2},"end":{"line":153,"column":3}},"loc":{"start":{"line":153,"column":35},"end":{"line":177,"column":3}},"line":153},"18":{"name":"(anonymous_18)","decl":{"start":{"line":169,"column":15},"end":{"line":169,"column":16}},"loc":{"start":{"line":169,"column":20},"end":{"line":169,"column":28}},"line":169},"19":{"name":"(anonymous_19)","decl":{"start":{"line":169,"column":35},"end":{"line":169,"column":36}},"loc":{"start":{"line":169,"column":49},"end":{"line":173,"column":10}},"line":169},"20":{"name":"(anonymous_20)","decl":{"start":{"line":173,"column":18},"end":{"line":173,"column":19}},"loc":{"start":{"line":173,"column":24},"end":{"line":173,"column":26}},"line":173},"21":{"name":"(anonymous_21)","decl":{"start":{"line":179,"column":2},"end":{"line":179,"column":3}},"loc":{"start":{"line":179,"column":11},"end":{"line":264,"column":3}},"line":179},"22":{"name":"(anonymous_22)","decl":{"start":{"line":188,"column":26},"end":{"line":188,"column":27}},"loc":{"start":{"line":189,"column":16},"end":{"line":189,"column":68}},"line":189}},"branchMap":{"0":{"loc":{"start":{"line":63,"column":4},"end":{"line":65,"column":5}},"type":"if","locations":[{"start":{"line":63,"column":4},"end":{"line":65,"column":5}},{"start":{"line":63,"column":4},"end":{"line":65,"column":5}}],"line":63},"1":{"loc":{"start":{"line":63,"column":8},"end":{"line":63,"column":82}},"type":"binary-expr","locations":[{"start":{"line":63,"column":8},"end":{"line":63,"column":43}},{"start":{"line":63,"column":47},"end":{"line":63,"column":82}}],"line":63},"2":{"loc":{"start":{"line":67,"column":4},"end":{"line":75,"column":5}},"type":"if","locations":[{"start":{"line":67,"column":4},"end":{"line":75,"column":5}},{"start":{"line":67,"column":4},"end":{"line":75,"column":5}}],"line":67},"3":{"loc":{"start":{"line":84,"column":4},"end":{"line":87,"column":5}},"type":"if","locations":[{"start":{"line":84,"column":4},"end":{"line":87,"column":5}},{"start":{"line":84,"column":4},"end":{"line":87,"column":5}}],"line":84},"4":{"loc":{"start":{"line":100,"column":6},"end":{"line":104,"column":7}},"type":"if","locations":[{"start":{"line":100,"column":6},"end":{"line":104,"column":7}},{"start":{"line":100,"column":6},"end":{"line":104,"column":7}}],"line":100},"5":{"loc":{"start":{"line":138,"column":18},"end":{"line":138,"column":59}},"type":"cond-expr","locations":[{"start":{"line":138,"column":39},"end":{"line":138,"column":48}},{"start":{"line":138,"column":51},"end":{"line":138,"column":59}}],"line":138},"6":{"loc":{"start":{"line":155,"column":4},"end":{"line":175,"column":5}},"type":"if","locations":[{"start":{"line":155,"column":4},"end":{"line":175,"column":5}},{"start":{"line":155,"column":4},"end":{"line":175,"column":5}}],"line":155},"7":{"loc":{"start":{"line":167,"column":6},"end":{"line":174,"column":8}},"type":"if","locations":[{"start":{"line":167,"column":6},"end":{"line":174,"column":8}},{"start":{"line":167,"column":6},"end":{"line":174,"column":8}}],"line":167},"8":{"loc":{"start":{"line":170,"column":11},"end":{"line":172,"column":12}},"type":"if","locations":[{"start":{"line":170,"column":11},"end":{"line":172,"column":12}},{"start":{"line":170,"column":11},"end":{"line":172,"column":12}}],"line":170},"9":{"loc":{"start":{"line":191,"column":15},"end":{"line":191,"column":89}},"type":"binary-expr","locations":[{"start":{"line":191,"column":15},"end":{"line":191,"column":22}},{"start":{"line":191,"column":26},"end":{"line":191,"column":89}}],"line":191},"10":{"loc":{"start":{"line":227,"column":19},"end":{"line":227,"column":102}},"type":"binary-expr","locations":[{"start":{"line":227,"column":19},"end":{"line":227,"column":41}},{"start":{"line":227,"column":45},"end":{"line":227,"column":102}}],"line":227},"11":{"loc":{"start":{"line":229,"column":59},"end":{"line":229,"column":108}},"type":"cond-expr","locations":[{"start":{"line":229,"column":87},"end":{"line":229,"column":97}},{"start":{"line":229,"column":100},"end":{"line":229,"column":108}}],"line":229}},"s":{"0":1,"1":1,"2":1,"3":1,"4":1,"5":1,"6":0,"7":0,"8":0,"9":0,"10":0,"11":0,"12":0,"13":0,"14":0,"15":0,"16":0,"17":0,"18":0,"19":0,"20":0,"21":0,"22":0,"23":0,"24":0,"25":0,"26":0,"27":0,"28":0,"29":0,"30":0,"31":0,"32":0,"33":0,"34":0,"35":0,"36":0,"37":0,"38":0,"39":0,"40":0,"41":0,"42":0,"43":0,"44":0,"45":0,"46":0,"47":0,"48":0,"49":0,"50":0,"51":0,"52":0,"53":0,"54":2,"55":2,"56":0},"f":{"0":1,"1":1,"2":1,"3":1,"4":1,"5":0,"6":0,"7":0,"8":0,"9":0,"10":0,"11":0,"12":0,"13":0,"14":0,"15":0,"16":0,"17":0,"18":0,"19":0,"20":0,"21":2,"22":0},"b":{"0":[0,0],"1":[0,0],"2":[0,0],"3":[0,0],"4":[0,0],"5":[0,0],"6":[0,0],"7":[0,0],"8":[0,0],"9":[2,0],"10":[2,0],"11":[1,1]},"_coverageSchema":"1a1c01bbd47fc00a2c39e90264f33305004495a9","hash":"ed6995761dfab55d88706ce900feed51fee6cd50"}
,"/Users/matthewmcilree/CS3099/project-code/client/src/tests/fetchMocks.js": {"path":"/Users/matthewmcilree/CS3099/project-code/client/src/tests/fetchMocks.js","statementMap":{"0":{"start":{"line":2,"column":4},"end":{"line":7,"column":7}},"1":{"start":{"line":3,"column":20},"end":{"line":5,"column":9}},"2":{"start":{"line":10,"column":4},"end":{"line":29,"column":5}},"3":{"start":{"line":11,"column":8},"end":{"line":27,"column":9}},"4":{"start":{"line":12,"column":12},"end":{"line":12,"column":72}},"5":{"start":{"line":13,"column":15},"end":{"line":27,"column":9}},"6":{"start":{"line":14,"column":12},"end":{"line":14,"column":75}},"7":{"start":{"line":15,"column":15},"end":{"line":27,"column":9}},"8":{"start":{"line":16,"column":12},"end":{"line":16,"column":60}},"9":{"start":{"line":17,"column":15},"end":{"line":27,"column":9}},"10":{"start":{"line":18,"column":12},"end":{"line":24,"column":14}},"11":{"start":{"line":26,"column":12},"end":{"line":26,"column":35}},"12":{"start":{"line":32,"column":4},"end":{"line":76,"column":5}},"13":{"start":{"line":33,"column":8},"end":{"line":75,"column":9}},"14":{"start":{"line":34,"column":12},"end":{"line":34,"column":72}},"15":{"start":{"line":35,"column":15},"end":{"line":75,"column":9}},"16":{"start":{"line":36,"column":12},"end":{"line":36,"column":75}},"17":{"start":{"line":37,"column":15},"end":{"line":75,"column":9}},"18":{"start":{"line":38,"column":12},"end":{"line":38,"column":60}},"19":{"start":{"line":39,"column":15},"end":{"line":75,"column":9}},"20":{"start":{"line":40,"column":12},"end":{"line":46,"column":14}},"21":{"start":{"line":47,"column":15},"end":{"line":75,"column":9}},"22":{"start":{"line":48,"column":12},"end":{"line":55,"column":15}},"23":{"start":{"line":56,"column":15},"end":{"line":75,"column":9}},"24":{"start":{"line":57,"column":12},"end":{"line":57,"column":64}},"25":{"start":{"line":58,"column":15},"end":{"line":75,"column":9}},"26":{"start":{"line":59,"column":12},"end":{"line":72,"column":14}},"27":{"start":{"line":74,"column":12},"end":{"line":74,"column":35}}},"fnMap":{"0":{"name":"promiseJson","decl":{"start":{"line":1,"column":9},"end":{"line":1,"column":20}},"loc":{"start":{"line":1,"column":32},"end":{"line":8,"column":1}},"line":1},"1":{"name":"(anonymous_1)","decl":{"start":{"line":3,"column":14},"end":{"line":3,"column":15}},"loc":{"start":{"line":3,"column":20},"end":{"line":5,"column":9}},"line":3},"2":{"name":"(anonymous_2)","decl":{"start":{"line":10,"column":4},"end":{"line":10,"column":5}},"loc":{"start":{"line":10,"column":14},"end":{"line":29,"column":5}},"line":10},"3":{"name":"(anonymous_3)","decl":{"start":{"line":32,"column":4},"end":{"line":32,"column":5}},"loc":{"start":{"line":32,"column":14},"end":{"line":76,"column":5}},"line":32}},"branchMap":{"0":{"loc":{"start":{"line":11,"column":8},"end":{"line":27,"column":9}},"type":"if","locations":[{"start":{"line":11,"column":8},"end":{"line":27,"column":9}},{"start":{"line":11,"column":8},"end":{"line":27,"column":9}}],"line":11},"1":{"loc":{"start":{"line":13,"column":15},"end":{"line":27,"column":9}},"type":"if","locations":[{"start":{"line":13,"column":15},"end":{"line":27,"column":9}},{"start":{"line":13,"column":15},"end":{"line":27,"column":9}}],"line":13},"2":{"loc":{"start":{"line":15,"column":15},"end":{"line":27,"column":9}},"type":"if","locations":[{"start":{"line":15,"column":15},"end":{"line":27,"column":9}},{"start":{"line":15,"column":15},"end":{"line":27,"column":9}}],"line":15},"3":{"loc":{"start":{"line":17,"column":15},"end":{"line":27,"column":9}},"type":"if","locations":[{"start":{"line":17,"column":15},"end":{"line":27,"column":9}},{"start":{"line":17,"column":15},"end":{"line":27,"column":9}}],"line":17},"4":{"loc":{"start":{"line":33,"column":8},"end":{"line":75,"column":9}},"type":"if","locations":[{"start":{"line":33,"column":8},"end":{"line":75,"column":9}},{"start":{"line":33,"column":8},"end":{"line":75,"column":9}}],"line":33},"5":{"loc":{"start":{"line":35,"column":15},"end":{"line":75,"column":9}},"type":"if","locations":[{"start":{"line":35,"column":15},"end":{"line":75,"column":9}},{"start":{"line":35,"column":15},"end":{"line":75,"column":9}}],"line":35},"6":{"loc":{"start":{"line":37,"column":15},"end":{"line":75,"column":9}},"type":"if","locations":[{"start":{"line":37,"column":15},"end":{"line":75,"column":9}},{"start":{"line":37,"column":15},"end":{"line":75,"column":9}}],"line":37},"7":{"loc":{"start":{"line":39,"column":15},"end":{"line":75,"column":9}},"type":"if","locations":[{"start":{"line":39,"column":15},"end":{"line":75,"column":9}},{"start":{"line":39,"column":15},"end":{"line":75,"column":9}}],"line":39},"8":{"loc":{"start":{"line":47,"column":15},"end":{"line":75,"column":9}},"type":"if","locations":[{"start":{"line":47,"column":15},"end":{"line":75,"column":9}},{"start":{"line":47,"column":15},"end":{"line":75,"column":9}}],"line":47},"9":{"loc":{"start":{"line":56,"column":15},"end":{"line":75,"column":9}},"type":"if","locations":[{"start":{"line":56,"column":15},"end":{"line":75,"column":9}},{"start":{"line":56,"column":15},"end":{"line":75,"column":9}}],"line":56},"10":{"loc":{"start":{"line":58,"column":15},"end":{"line":75,"column":9}},"type":"if","locations":[{"start":{"line":58,"column":15},"end":{"line":75,"column":9}},{"start":{"line":58,"column":15},"end":{"line":75,"column":9}}],"line":58}},"s":{"0":280,"1":264,"2":11,"3":28,"4":24,"5":4,"6":0,"7":4,"8":0,"9":4,"10":0,"11":4,"12":11,"13":252,"14":14,"15":238,"16":73,"17":165,"18":30,"19":135,"20":19,"21":116,"22":84,"23":32,"24":15,"25":17,"26":1,"27":16},"f":{"0":280,"1":264,"2":28,"3":252},"b":{"0":[24,4],"1":[0,4],"2":[0,4],"3":[0,4],"4":[14,238],"5":[73,165],"6":[30,135],"7":[19,116],"8":[84,32],"9":[15,17],"10":[1,16]},"_coverageSchema":"1a1c01bbd47fc00a2c39e90264f33305004495a9","hash":"a8b3009deb33b707e734f2101de389fb7ad0f78e"}
,"/Users/matthewmcilree/CS3099/project-code/client/src/util/timeSince.js": {"path":"/Users/matthewmcilree/CS3099/project-code/client/src/util/timeSince.js","statementMap":{"0":{"start":{"line":2,"column":15},"end":{"line":2,"column":39}},"1":{"start":{"line":4,"column":18},"end":{"line":4,"column":56}},"2":{"start":{"line":6,"column":19},"end":{"line":6,"column":37}},"3":{"start":{"line":7,"column":16},"end":{"line":7,"column":36}},"4":{"start":{"line":9,"column":4},"end":{"line":11,"column":5}},"5":{"start":{"line":10,"column":6},"end":{"line":10,"column":56}},"6":{"start":{"line":13,"column":4},"end":{"line":13,"column":33}},"7":{"start":{"line":14,"column":4},"end":{"line":14,"column":33}},"8":{"start":{"line":16,"column":4},"end":{"line":18,"column":5}},"9":{"start":{"line":17,"column":8},"end":{"line":17,"column":59}},"10":{"start":{"line":20,"column":4},"end":{"line":20,"column":31}},"11":{"start":{"line":21,"column":4},"end":{"line":21,"column":33}},"12":{"start":{"line":23,"column":4},"end":{"line":25,"column":5}},"13":{"start":{"line":24,"column":6},"end":{"line":24,"column":55}},"14":{"start":{"line":27,"column":4},"end":{"line":27,"column":30}},"15":{"start":{"line":28,"column":4},"end":{"line":28,"column":33}},"16":{"start":{"line":30,"column":4},"end":{"line":32,"column":5}},"17":{"start":{"line":31,"column":8},"end":{"line":31,"column":58}},"18":{"start":{"line":34,"column":4},"end":{"line":34,"column":28}},"19":{"start":{"line":35,"column":4},"end":{"line":35,"column":33}},"20":{"start":{"line":37,"column":4},"end":{"line":39,"column":5}},"21":{"start":{"line":38,"column":6},"end":{"line":38,"column":58}},"22":{"start":{"line":41,"column":4},"end":{"line":41,"column":77}}},"fnMap":{"0":{"name":"timeSince","decl":{"start":{"line":1,"column":24},"end":{"line":1,"column":33}},"loc":{"start":{"line":1,"column":45},"end":{"line":42,"column":1}},"line":1}},"branchMap":{"0":{"loc":{"start":{"line":9,"column":4},"end":{"line":11,"column":5}},"type":"if","locations":[{"start":{"line":9,"column":4},"end":{"line":11,"column":5}},{"start":{"line":9,"column":4},"end":{"line":11,"column":5}}],"line":9},"1":{"loc":{"start":{"line":10,"column":32},"end":{"line":10,"column":54}},"type":"cond-expr","locations":[{"start":{"line":10,"column":46},"end":{"line":10,"column":49}},{"start":{"line":10,"column":52},"end":{"line":10,"column":54}}],"line":10},"2":{"loc":{"start":{"line":16,"column":4},"end":{"line":18,"column":5}},"type":"if","locations":[{"start":{"line":16,"column":4},"end":{"line":18,"column":5}},{"start":{"line":16,"column":4},"end":{"line":18,"column":5}}],"line":16},"3":{"loc":{"start":{"line":17,"column":35},"end":{"line":17,"column":57}},"type":"cond-expr","locations":[{"start":{"line":17,"column":49},"end":{"line":17,"column":52}},{"start":{"line":17,"column":55},"end":{"line":17,"column":57}}],"line":17},"4":{"loc":{"start":{"line":23,"column":4},"end":{"line":25,"column":5}},"type":"if","locations":[{"start":{"line":23,"column":4},"end":{"line":25,"column":5}},{"start":{"line":23,"column":4},"end":{"line":25,"column":5}}],"line":23},"5":{"loc":{"start":{"line":24,"column":31},"end":{"line":24,"column":53}},"type":"cond-expr","locations":[{"start":{"line":24,"column":45},"end":{"line":24,"column":48}},{"start":{"line":24,"column":51},"end":{"line":24,"column":53}}],"line":24},"6":{"loc":{"start":{"line":30,"column":4},"end":{"line":32,"column":5}},"type":"if","locations":[{"start":{"line":30,"column":4},"end":{"line":32,"column":5}},{"start":{"line":30,"column":4},"end":{"line":32,"column":5}}],"line":30},"7":{"loc":{"start":{"line":31,"column":34},"end":{"line":31,"column":56}},"type":"cond-expr","locations":[{"start":{"line":31,"column":48},"end":{"line":31,"column":51}},{"start":{"line":31,"column":54},"end":{"line":31,"column":56}}],"line":31},"8":{"loc":{"start":{"line":37,"column":4},"end":{"line":39,"column":5}},"type":"if","locations":[{"start":{"line":37,"column":4},"end":{"line":39,"column":5}},{"start":{"line":37,"column":4},"end":{"line":39,"column":5}}],"line":37},"9":{"loc":{"start":{"line":38,"column":34},"end":{"line":38,"column":56}},"type":"cond-expr","locations":[{"start":{"line":38,"column":48},"end":{"line":38,"column":51}},{"start":{"line":38,"column":54},"end":{"line":38,"column":56}}],"line":38},"10":{"loc":{"start":{"line":41,"column":34},"end":{"line":41,"column":75}},"type":"cond-expr","locations":[{"start":{"line":41,"column":67},"end":{"line":41,"column":70}},{"start":{"line":41,"column":73},"end":{"line":41,"column":75}}],"line":41},"11":{"loc":{"start":{"line":41,"column":35},"end":{"line":41,"column":62}},"type":"binary-expr","locations":[{"start":{"line":41,"column":35},"end":{"line":41,"column":46}},{"start":{"line":41,"column":50},"end":{"line":41,"column":62}}],"line":41}},"s":{"0":27,"1":27,"2":27,"3":27,"4":27,"5":0,"6":27,"7":27,"8":27,"9":10,"10":17,"11":17,"12":17,"13":17,"14":0,"15":0,"16":0,"17":0,"18":0,"19":0,"20":0,"21":0,"22":0},"f":{"0":27},"b":{"0":[0,27],"1":[0,0],"2":[10,17],"3":[0,10],"4":[17,0],"5":[17,0],"6":[0,0],"7":[0,0],"8":[0,0],"9":[0,0],"10":[0,0],"11":[0,0]},"_coverageSchema":"1a1c01bbd47fc00a2c39e90264f33305004495a9","hash":"3d0e61b1b289d11a73acfa526595aa44c188a3dd"}
}
