TN:
SF:src/App.js
FN:27,(anonymous_0)
FN:32,(anonymous_1)
FN:36,(anonymous_2)
FNF:3
FNH:2
FNDA:20,(anonymous_0)
FNDA:0,(anonymous_1)
FNDA:20,(anonymous_2)
DA:28,20
DA:30,20
DA:32,0
DA:37,20
LF:4
LH:3
BRF:0
BRH:0
end_of_record
TN:
SF:src/index.js
FNF:0
FNH:0
DA:9,0
DA:20,0
LF:2
LH:0
BRF:0
BRH:0
end_of_record
TN:
SF:src/serviceWorker.js
FN:23,register
FN:34,(anonymous_1)
FN:43,(anonymous_2)
FN:57,registerValidSW
FN:60,(anonymous_4)
FN:61,(anonymous_5)
FN:66,(anonymous_6)
FN:96,(anonymous_7)
FN:101,checkValidServiceWorker
FN:106,(anonymous_9)
FN:114,(anonymous_10)
FN:115,(anonymous_11)
FN:124,(anonymous_12)
FN:131,unregister
FN:134,(anonymous_14)
FN:137,(anonymous_15)
FNF:16
FNH:0
FNDA:0,register
FNDA:0,(anonymous_1)
FNDA:0,(anonymous_2)
FNDA:0,registerValidSW
FNDA:0,(anonymous_4)
FNDA:0,(anonymous_5)
FNDA:0,(anonymous_6)
FNDA:0,(anonymous_7)
FNDA:0,checkValidServiceWorker
FNDA:0,(anonymous_9)
FNDA:0,(anonymous_10)
FNDA:0,(anonymous_11)
FNDA:0,(anonymous_12)
FNDA:0,unregister
FNDA:0,(anonymous_14)
FNDA:0,(anonymous_15)
DA:13,0
DA:24,0
DA:26,0
DA:27,0
DA:31,0
DA:34,0
DA:35,0
DA:37,0
DA:39,0
DA:43,0
DA:44,0
DA:51,0
DA:58,0
DA:61,0
DA:62,0
DA:63,0
DA:64,0
DA:66,0
DA:67,0
DA:68,0
DA:72,0
DA:78,0
DA:79,0
DA:85,0
DA:88,0
DA:89,0
DA:97,0
DA:103,0
DA:108,0
DA:109,0
DA:114,0
DA:115,0
DA:116,0
DA:121,0
DA:125,0
DA:132,0
DA:133,0
DA:135,0
DA:138,0
LF:39
LH:0
BRDA:14,0,0,0
BRDA:14,0,1,0
BRDA:14,0,2,0
BRDA:24,1,0,0
BRDA:24,1,1,0
BRDA:24,2,0,0
BRDA:24,2,1,0
BRDA:27,3,0,0
BRDA:27,3,1,0
BRDA:37,4,0,0
BRDA:37,4,1,0
BRDA:63,5,0,0
BRDA:63,5,1,0
BRDA:67,6,0,0
BRDA:67,6,1,0
BRDA:68,7,0,0
BRDA:68,7,1,0
BRDA:78,8,0,0
BRDA:78,8,1,0
BRDA:78,9,0,0
BRDA:78,9,1,0
BRDA:88,10,0,0
BRDA:88,10,1,0
BRDA:88,11,0,0
BRDA:88,11,1,0
BRDA:109,12,0,0
BRDA:109,12,1,0
BRDA:110,13,0,0
BRDA:110,13,1,0
BRDA:110,13,2,0
BRDA:132,14,0,0
BRDA:132,14,1,0
BRF:32
BRH:0
end_of_record
TN:
SF:src/auth/index.js
FN:6,(anonymous_0)
FN:10,(anonymous_1)
FN:10,(anonymous_2)
FNF:3
FNH:0
FNDA:0,(anonymous_0)
FNDA:0,(anonymous_1)
FNDA:0,(anonymous_2)
DA:4,0
DA:6,0
DA:10,0
DA:11,0
DA:12,0
DA:14,0
LF:6
LH:0
BRDA:11,0,0,0
BRDA:11,0,1,0
BRF:2
BRH:0
end_of_record
TN:
SF:src/components/authentication/AdminKeyAuth.jsx
FN:6,(anonymous_0)
FN:20,(anonymous_1)
FN:24,(anonymous_2)
FN:25,(anonymous_3)
FN:26,(anonymous_4)
FN:33,(anonymous_5)
FN:36,(anonymous_6)
FN:47,(anonymous_7)
FN:57,(anonymous_8)
FN:82,(anonymous_9)
FN:90,(anonymous_10)
FN:97,(anonymous_11)
FN:100,(anonymous_12)
FN:113,(anonymous_13)
FNF:14
FNH:0
FNDA:0,(anonymous_0)
FNDA:0,(anonymous_1)
FNDA:0,(anonymous_2)
FNDA:0,(anonymous_3)
FNDA:0,(anonymous_4)
FNDA:0,(anonymous_5)
FNDA:0,(anonymous_6)
FNDA:0,(anonymous_7)
FNDA:0,(anonymous_8)
FNDA:0,(anonymous_9)
FNDA:0,(anonymous_10)
FNDA:0,(anonymous_11)
FNDA:0,(anonymous_12)
FNDA:0,(anonymous_13)
DA:7,0
DA:8,0
DA:16,0
DA:17,0
DA:21,0
DA:25,0
DA:27,0
DA:33,0
DA:37,0
DA:38,0
DA:39,0
DA:40,0
DA:41,0
DA:48,0
DA:49,0
DA:50,0
DA:51,0
DA:52,0
DA:54,0
DA:58,0
DA:60,0
DA:61,0
DA:62,0
DA:63,0
DA:65,0
DA:79,0
DA:81,0
DA:83,0
DA:84,0
DA:85,0
DA:87,0
DA:91,0
DA:92,0
DA:93,0
DA:94,0
DA:101,0
DA:114,0
LF:37
LH:0
BRDA:49,0,0,0
BRDA:49,0,1,0
BRDA:51,1,0,0
BRDA:51,1,1,0
BRDA:61,2,0,0
BRDA:61,2,1,0
BRDA:75,3,0,0
BRDA:75,3,1,0
BRDA:83,4,0,0
BRDA:83,4,1,0
BRDA:91,5,0,0
BRDA:91,5,1,0
BRDA:110,6,0,0
BRDA:110,6,1,0
BRDA:116,7,0,0
BRDA:116,7,1,0
BRF:16
BRH:0
end_of_record
TN:
SF:src/components/authentication/ControlPanel.jsx
FN:21,(anonymous_0)
FN:45,(anonymous_1)
FN:51,(anonymous_2)
FN:52,(anonymous_3)
FN:53,(anonymous_4)
FN:61,(anonymous_5)
FN:64,(anonymous_6)
FN:66,(anonymous_7)
FN:67,(anonymous_8)
FN:71,(anonymous_9)
FN:76,(anonymous_10)
FN:77,(anonymous_11)
FN:78,(anonymous_12)
FN:80,(anonymous_13)
FN:81,(anonymous_14)
FN:84,(anonymous_15)
FN:89,(anonymous_16)
FN:102,(anonymous_17)
FN:125,(anonymous_18)
FN:126,(anonymous_19)
FN:134,(anonymous_20)
FN:155,(anonymous_21)
FN:163,(anonymous_22)
FN:170,(anonymous_23)
FN:174,(anonymous_24)
FN:195,(anonymous_25)
FN:196,(anonymous_26)
FN:201,(anonymous_27)
FN:203,(anonymous_28)
FN:205,(anonymous_29)
FN:215,(anonymous_30)
FN:228,(anonymous_31)
FN:229,(anonymous_32)
FN:232,(anonymous_33)
FN:241,(anonymous_34)
FN:244,(anonymous_35)
FNF:36
FNH:16
FNDA:7,(anonymous_0)
FNDA:7,(anonymous_1)
FNDA:7,(anonymous_2)
FNDA:7,(anonymous_3)
FNDA:7,(anonymous_4)
FNDA:0,(anonymous_5)
FNDA:7,(anonymous_6)
FNDA:7,(anonymous_7)
FNDA:7,(anonymous_8)
FNDA:0,(anonymous_9)
FNDA:7,(anonymous_10)
FNDA:7,(anonymous_11)
FNDA:7,(anonymous_12)
FNDA:21,(anonymous_13)
FNDA:0,(anonymous_14)
FNDA:0,(anonymous_15)
FNDA:0,(anonymous_16)
FNDA:0,(anonymous_17)
FNDA:0,(anonymous_18)
FNDA:0,(anonymous_19)
FNDA:0,(anonymous_20)
FNDA:0,(anonymous_21)
FNDA:0,(anonymous_22)
FNDA:0,(anonymous_23)
FNDA:28,(anonymous_24)
FNDA:56,(anonymous_25)
FNDA:0,(anonymous_26)
FNDA:28,(anonymous_27)
FNDA:0,(anonymous_28)
FNDA:0,(anonymous_29)
FNDA:0,(anonymous_30)
FNDA:42,(anonymous_31)
FNDA:0,(anonymous_32)
FNDA:0,(anonymous_33)
FNDA:0,(anonymous_34)
FNDA:0,(anonymous_35)
DA:22,7
DA:23,7
DA:46,7
DA:47,7
DA:48,7
DA:52,7
DA:54,7
DA:61,0
DA:65,7
DA:66,7
DA:68,7
DA:77,7
DA:79,7
DA:80,21
DA:85,0
DA:86,0
DA:90,0
DA:91,0
DA:92,0
DA:95,0
DA:96,0
DA:99,0
DA:103,0
DA:104,0
DA:105,0
DA:106,0
DA:107,0
DA:110,0
DA:111,0
DA:124,0
DA:125,0
DA:127,0
DA:128,0
DA:129,0
DA:130,0
DA:132,0
DA:137,0
DA:154,0
DA:156,0
DA:157,0
DA:158,0
DA:160,0
DA:164,0
DA:165,0
DA:166,0
DA:167,0
DA:175,28
DA:176,28
DA:196,56
DA:201,28
DA:204,0
DA:206,0
DA:216,0
DA:229,42
DA:232,0
DA:242,0
DA:245,0
LF:57
LH:18
BRDA:77,0,0,0
BRDA:77,0,1,7
BRDA:91,1,0,0
BRDA:91,1,1,0
BRDA:91,2,0,0
BRDA:91,2,1,0
BRDA:95,3,0,0
BRDA:95,3,1,0
BRDA:105,4,0,0
BRDA:105,4,1,0
BRDA:110,5,0,0
BRDA:110,5,1,0
BRDA:127,6,0,0
BRDA:127,6,1,0
BRDA:156,7,0,0
BRDA:156,7,1,0
BRDA:164,8,0,0
BRDA:164,8,1,0
BRDA:177,9,0,7
BRDA:177,9,1,21
BRDA:178,10,0,0
BRDA:178,10,1,21
BRDA:178,11,0,21
BRDA:178,11,1,0
BRDA:181,12,0,21
BRDA:181,12,1,0
BRDA:182,13,0,21
BRDA:182,13,1,21
BRDA:227,14,0,21
BRDA:227,14,1,0
BRDA:241,15,0,21
BRDA:241,15,1,0
BRDA:247,16,0,21
BRDA:247,16,1,0
BRDA:252,17,0,21
BRDA:252,17,1,0
BRF:36
BRH:12
end_of_record
TN:
SF:src/components/authentication/LoggedOutRoute.jsx
FN:5,(anonymous_0)
FN:8,(anonymous_1)
FNF:2
FNH:2
FNDA:11,(anonymous_0)
FNDA:11,(anonymous_1)
DA:5,6
DA:6,11
DA:8,11
DA:9,11
LF:4
LH:4
BRDA:9,0,0,2
BRDA:9,0,1,9
BRF:2
BRH:2
end_of_record
TN:
SF:src/components/authentication/Login.jsx
FN:9,(anonymous_0)
FN:19,(anonymous_1)
FN:28,(anonymous_2)
FN:39,(anonymous_3)
FN:41,(anonymous_4)
FN:49,(anonymous_5)
FN:65,(anonymous_6)
FN:72,(anonymous_7)
FN:99,(anonymous_8)
FN:101,(anonymous_9)
FNF:10
FNH:3
FNDA:9,(anonymous_0)
FNDA:0,(anonymous_1)
FNDA:0,(anonymous_2)
FNDA:0,(anonymous_3)
FNDA:0,(anonymous_4)
FNDA:0,(anonymous_5)
FNDA:0,(anonymous_6)
FNDA:9,(anonymous_7)
FNDA:0,(anonymous_8)
FNDA:8,(anonymous_9)
DA:10,9
DA:11,9
DA:20,0
DA:21,0
DA:22,0
DA:23,0
DA:29,0
DA:30,0
DA:40,0
DA:41,0
DA:42,0
DA:43,0
DA:46,0
DA:50,0
DA:51,0
DA:52,0
DA:54,0
DA:55,0
DA:58,0
DA:66,0
DA:67,0
DA:68,0
DA:73,9
DA:100,0
DA:102,8
LF:25
LH:4
BRDA:40,0,0,0
BRDA:40,0,1,0
BRDA:50,1,0,0
BRDA:50,1,1,0
BRDA:98,2,0,0
BRDA:98,2,1,9
BRF:6
BRH:1
end_of_record
TN:
SF:src/components/authentication/ModeratorControls.jsx
FN:21,(anonymous_0)
FN:39,(anonymous_1)
FN:43,(anonymous_2)
FN:44,(anonymous_3)
FN:45,(anonymous_4)
FN:47,(anonymous_5)
FN:51,(anonymous_6)
FN:56,(anonymous_7)
FN:69,(anonymous_8)
FN:94,(anonymous_9)
FN:102,(anonymous_10)
FN:112,(anonymous_11)
FN:127,(anonymous_12)
FN:128,(anonymous_13)
FN:133,(anonymous_14)
FN:135,(anonymous_15)
FN:137,(anonymous_16)
FN:147,(anonymous_17)
FN:160,(anonymous_18)
FN:161,(anonymous_19)
FN:170,(anonymous_20)
FN:173,(anonymous_21)
FNF:22
FNH:0
FNDA:0,(anonymous_0)
FNDA:0,(anonymous_1)
FNDA:0,(anonymous_2)
FNDA:0,(anonymous_3)
FNDA:0,(anonymous_4)
FNDA:0,(anonymous_5)
FNDA:0,(anonymous_6)
FNDA:0,(anonymous_7)
FNDA:0,(anonymous_8)
FNDA:0,(anonymous_9)
FNDA:0,(anonymous_10)
FNDA:0,(anonymous_11)
FNDA:0,(anonymous_12)
FNDA:0,(anonymous_13)
FNDA:0,(anonymous_14)
FNDA:0,(anonymous_15)
FNDA:0,(anonymous_16)
FNDA:0,(anonymous_17)
FNDA:0,(anonymous_18)
FNDA:0,(anonymous_19)
FNDA:0,(anonymous_20)
FNDA:0,(anonymous_21)
DA:22,0
DA:23,0
DA:40,0
DA:44,0
DA:46,0
DA:47,0
DA:52,0
DA:53,0
DA:57,0
DA:58,0
DA:59,0
DA:62,0
DA:63,0
DA:66,0
DA:70,0
DA:71,0
DA:72,0
DA:73,0
DA:74,0
DA:78,0
DA:93,0
DA:95,0
DA:96,0
DA:97,0
DA:99,0
DA:103,0
DA:104,0
DA:105,0
DA:106,0
DA:113,0
DA:128,0
DA:133,0
DA:136,0
DA:138,0
DA:148,0
DA:160,0
DA:161,0
DA:171,0
DA:174,0
LF:39
LH:0
BRDA:44,0,0,0
BRDA:44,0,1,0
BRDA:58,1,0,0
BRDA:58,1,1,0
BRDA:58,2,0,0
BRDA:58,2,1,0
BRDA:62,3,0,0
BRDA:62,3,1,0
BRDA:72,4,0,0
BRDA:72,4,1,0
BRDA:95,5,0,0
BRDA:95,5,1,0
BRDA:103,6,0,0
BRDA:103,6,1,0
BRDA:159,7,0,0
BRDA:159,7,1,0
BRDA:170,8,0,0
BRDA:170,8,1,0
BRDA:176,9,0,0
BRDA:176,9,1,0
BRF:20
BRH:0
end_of_record
TN:
SF:src/components/authentication/PrivateRoute.jsx
FN:5,(anonymous_0)
FN:8,(anonymous_1)
FNF:2
FNH:2
FNDA:16,(anonymous_0)
FNDA:16,(anonymous_1)
DA:5,6
DA:6,16
DA:8,16
DA:9,16
LF:4
LH:4
BRDA:9,0,0,9
BRDA:9,0,1,7
BRF:2
BRH:2
end_of_record
TN:
SF:src/components/authentication/SignUp.jsx
FN:8,(anonymous_0)
FN:18,(anonymous_1)
FN:32,(anonymous_2)
FN:53,(anonymous_3)
FN:56,(anonymous_4)
FN:65,(anonymous_5)
FN:85,(anonymous_6)
FN:91,(anonymous_7)
FN:94,(anonymous_8)
FN:99,(anonymous_9)
FN:152,(anonymous_10)
FNF:11
FNH:11
FNDA:27,(anonymous_0)
FNDA:25,(anonymous_1)
FNDA:295,(anonymous_2)
FNDA:25,(anonymous_3)
FNDA:100,(anonymous_4)
FNDA:25,(anonymous_5)
FNDA:4,(anonymous_6)
FNDA:4,(anonymous_7)
FNDA:4,(anonymous_8)
FNDA:152,(anonymous_9)
FNDA:21,(anonymous_10)
DA:9,27
DA:10,27
DA:19,25
DA:21,25
DA:25,4
DA:26,4
DA:28,21
DA:29,4
DA:32,295
DA:33,4
DA:36,21
DA:37,4
DA:39,21
DA:40,5
DA:51,21
DA:54,25
DA:57,100
DA:58,100
DA:59,100
DA:60,100
DA:66,25
DA:68,25
DA:69,25
DA:70,21
DA:71,21
DA:73,4
DA:85,4
DA:86,4
DA:87,0
DA:89,4
DA:92,4
DA:95,4
DA:100,152
DA:101,152
DA:153,21
LF:35
LH:34
BRDA:21,0,0,4
BRDA:21,0,1,21
BRDA:21,1,0,25
BRDA:21,1,1,23
BRDA:21,1,2,22
BRDA:21,1,3,21
BRDA:28,2,0,4
BRDA:28,2,1,17
BRDA:32,3,0,4
BRDA:32,3,1,17
BRDA:36,4,0,4
BRDA:36,4,1,17
BRDA:39,5,0,5
BRDA:39,5,1,16
BRDA:69,6,0,21
BRDA:69,6,1,4
BRDA:86,7,0,0
BRDA:86,7,1,4
BRDA:130,8,0,4
BRDA:130,8,1,148
BRF:20
BRH:19
end_of_record
TN:
SF:src/components/comments/CommentCreator.jsx
FN:9,(anonymous_0)
FN:22,(anonymous_1)
FN:23,(anonymous_2)
FN:24,(anonymous_3)
FN:30,(anonymous_4)
FN:33,(anonymous_5)
FN:35,(anonymous_6)
FN:41,(anonymous_7)
FN:43,(anonymous_8)
FN:47,(anonymous_9)
FN:56,(anonymous_10)
FN:91,(anonymous_11)
FN:93,(anonymous_12)
FN:101,(anonymous_13)
FN:102,(anonymous_14)
FN:110,(anonymous_15)
FN:114,(anonymous_16)
FNF:17
FNH:0
FNDA:0,(anonymous_0)
FNDA:0,(anonymous_1)
FNDA:0,(anonymous_2)
FNDA:0,(anonymous_3)
FNDA:0,(anonymous_4)
FNDA:0,(anonymous_5)
FNDA:0,(anonymous_6)
FNDA:0,(anonymous_7)
FNDA:0,(anonymous_8)
FNDA:0,(anonymous_9)
FNDA:0,(anonymous_10)
FNDA:0,(anonymous_11)
FNDA:0,(anonymous_12)
FNDA:0,(anonymous_13)
FNDA:0,(anonymous_14)
FNDA:0,(anonymous_15)
FNDA:0,(anonymous_16)
DA:10,0
DA:11,0
DA:23,0
DA:25,0
DA:34,0
DA:36,0
DA:37,0
DA:39,0
DA:42,0
DA:48,0
DA:49,0
DA:50,0
DA:51,0
DA:57,0
DA:58,0
DA:84,0
DA:85,0
DA:88,0
DA:90,0
DA:92,0
DA:93,0
DA:94,0
DA:95,0
DA:98,0
DA:101,0
DA:103,0
DA:105,0
DA:106,0
DA:111,0
DA:115,0
LF:30
LH:0
BRDA:36,0,0,0
BRDA:36,0,1,0
BRDA:36,1,0,0
BRDA:36,1,1,0
BRDA:84,2,0,0
BRDA:84,2,1,0
BRDA:92,3,0,0
BRDA:92,3,1,0
BRDA:92,4,0,0
BRDA:92,4,1,0
BRDA:105,5,0,0
BRDA:105,5,1,0
BRDA:118,6,0,0
BRDA:118,6,1,0
BRF:14
BRH:0
end_of_record
TN:
SF:src/components/comments/CommentsViewer.jsx
FN:14,(anonymous_0)
FN:32,(anonymous_1)
FN:33,(anonymous_2)
FN:34,(anonymous_3)
FN:42,(anonymous_4)
FN:46,(anonymous_5)
FN:51,(anonymous_6)
FN:59,(anonymous_7)
FN:62,(anonymous_8)
FN:71,(anonymous_9)
FN:78,(anonymous_10)
FN:82,(anonymous_11)
FN:85,(anonymous_12)
FN:86,(anonymous_13)
FN:95,(anonymous_14)
FN:97,(anonymous_15)
FN:105,(anonymous_16)
FN:106,(anonymous_17)
FN:112,(anonymous_18)
FN:116,(anonymous_19)
FN:122,(anonymous_20)
FN:130,(anonymous_21)
FN:144,(anonymous_22)
FN:156,(anonymous_23)
FN:156,(anonymous_24)
FNF:25
FNH:11
FNDA:1,(anonymous_0)
FNDA:1,(anonymous_1)
FNDA:1,(anonymous_2)
FNDA:1,(anonymous_3)
FNDA:0,(anonymous_4)
FNDA:0,(anonymous_5)
FNDA:1,(anonymous_6)
FNDA:1,(anonymous_7)
FNDA:0,(anonymous_8)
FNDA:1,(anonymous_9)
FNDA:0,(anonymous_10)
FNDA:1,(anonymous_11)
FNDA:0,(anonymous_12)
FNDA:0,(anonymous_13)
FNDA:0,(anonymous_14)
FNDA:0,(anonymous_15)
FNDA:0,(anonymous_16)
FNDA:0,(anonymous_17)
FNDA:1,(anonymous_18)
FNDA:3,(anonymous_19)
FNDA:4,(anonymous_20)
FNDA:0,(anonymous_21)
FNDA:0,(anonymous_22)
FNDA:0,(anonymous_23)
FNDA:0,(anonymous_24)
DA:15,1
DA:16,1
DA:33,1
DA:35,1
DA:38,1
DA:43,0
DA:47,0
DA:52,1
DA:60,1
DA:61,0
DA:62,0
DA:63,0
DA:64,0
DA:68,1
DA:72,1
DA:76,1
DA:78,0
DA:83,1
DA:85,1
DA:87,0
DA:88,0
DA:96,0
DA:97,0
DA:98,0
DA:99,0
DA:102,0
DA:105,0
DA:106,0
DA:109,1
DA:113,1
DA:117,3
DA:118,0
DA:123,4
DA:125,4
DA:131,0
DA:144,0
DA:156,0
DA:157,0
LF:38
LH:17
BRDA:19,0,0,0
BRDA:19,0,1,1
BRDA:52,1,0,0
BRDA:52,1,1,1
BRDA:60,2,0,0
BRDA:60,2,1,1
BRDA:61,3,0,0
BRDA:61,3,1,0
BRDA:88,4,0,0
BRDA:88,4,1,0
BRDA:96,5,0,0
BRDA:96,5,1,0
BRDA:117,6,0,0
BRDA:117,6,1,3
BRDA:128,7,0,1
BRDA:128,7,1,3
BRDA:128,8,0,4
BRDA:128,8,1,1
BRDA:157,9,0,0
BRDA:157,9,1,0
BRDA:170,10,0,1
BRDA:170,10,1,0
BRDA:173,11,0,0
BRDA:173,11,1,3
BRF:24
BRH:10
end_of_record
TN:
SF:src/components/community/CommunityCreator.jsx
FN:10,(anonymous_0)
FN:22,(anonymous_1)
FN:26,(anonymous_2)
FN:45,(anonymous_3)
FN:46,(anonymous_4)
FN:52,(anonymous_5)
FN:55,(anonymous_6)
FN:58,(anonymous_7)
FN:59,(anonymous_8)
FN:60,(anonymous_9)
FN:64,(anonymous_10)
FN:67,(anonymous_11)
FN:82,(anonymous_12)
FN:91,(anonymous_13)
FN:115,(anonymous_14)
FN:121,(anonymous_15)
FN:125,(anonymous_16)
FN:174,(anonymous_17)
FN:178,(anonymous_18)
FNF:19
FNH:10
FNDA:9,(anonymous_0)
FNDA:9,(anonymous_1)
FNDA:0,(anonymous_2)
FNDA:9,(anonymous_3)
FNDA:9,(anonymous_4)
FNDA:9,(anonymous_5)
FNDA:0,(anonymous_6)
FNDA:9,(anonymous_7)
FNDA:9,(anonymous_8)
FNDA:9,(anonymous_9)
FNDA:0,(anonymous_10)
FNDA:0,(anonymous_11)
FNDA:0,(anonymous_12)
FNDA:0,(anonymous_13)
FNDA:0,(anonymous_14)
FNDA:0,(anonymous_15)
FNDA:27,(anonymous_16)
FNDA:0,(anonymous_17)
FNDA:63,(anonymous_18)
DA:11,9
DA:12,9
DA:23,9
DA:24,9
DA:27,0
DA:28,0
DA:30,0
DA:31,0
DA:37,0
DA:38,0
DA:39,0
DA:42,0
DA:46,9
DA:53,9
DA:59,9
DA:61,9
DA:68,0
DA:69,0
DA:70,0
DA:71,0
DA:75,0
DA:76,0
DA:83,0
DA:84,0
DA:85,0
DA:92,0
DA:94,0
DA:95,0
DA:96,0
DA:97,0
DA:99,0
DA:114,0
DA:116,0
DA:119,0
DA:126,27
DA:127,27
DA:175,0
DA:179,63
LF:38
LH:11
BRDA:28,0,0,0
BRDA:28,0,1,0
BRDA:28,1,0,0
BRDA:28,1,1,0
BRDA:37,2,0,0
BRDA:37,2,1,0
BRDA:75,3,0,0
BRDA:75,3,1,0
BRDA:95,4,0,0
BRDA:95,4,1,0
BRF:10
BRH:0
end_of_record
TN:
SF:src/components/community/CommunityExplorer.jsx
FN:15,(anonymous_0)
FN:19,(anonymous_1)
FN:21,(anonymous_2)
FN:22,(anonymous_3)
FN:28,(anonymous_4)
FN:32,(anonymous_5)
FN:42,(anonymous_6)
FNF:7
FNH:6
FNDA:3,(anonymous_0)
FNDA:3,(anonymous_1)
FNDA:2,(anonymous_2)
FNDA:2,(anonymous_3)
FNDA:0,(anonymous_4)
FNDA:5,(anonymous_5)
FNDA:6,(anonymous_6)
DA:8,3
DA:16,3
DA:20,3
DA:21,2
DA:23,2
DA:28,0
DA:33,5
DA:34,5
DA:43,6
LF:9
LH:8
BRDA:39,0,0,0
BRDA:39,0,1,5
BRDA:41,1,0,2
BRDA:41,1,1,3
BRF:4
BRH:3
end_of_record
TN:
SF:src/components/community/CommunityFeed.jsx
FN:30,(anonymous_0)
FN:34,(anonymous_1)
FN:35,(anonymous_2)
FN:36,(anonymous_3)
FN:45,(anonymous_4)
FN:49,(anonymous_5)
FN:57,(anonymous_6)
FN:59,(anonymous_7)
FN:67,(anonymous_8)
FN:74,(anonymous_9)
FN:80,(anonymous_10)
FN:89,(anonymous_11)
FN:96,(anonymous_12)
FN:102,(anonymous_13)
FN:107,(anonymous_14)
FN:110,(anonymous_15)
FN:114,(anonymous_16)
FNF:17
FNH:0
FNDA:0,(anonymous_0)
FNDA:0,(anonymous_1)
FNDA:0,(anonymous_2)
FNDA:0,(anonymous_3)
FNDA:0,(anonymous_4)
FNDA:0,(anonymous_5)
FNDA:0,(anonymous_6)
FNDA:0,(anonymous_7)
FNDA:0,(anonymous_8)
FNDA:0,(anonymous_9)
FNDA:0,(anonymous_10)
FNDA:0,(anonymous_11)
FNDA:0,(anonymous_12)
FNDA:0,(anonymous_13)
FNDA:0,(anonymous_14)
FNDA:0,(anonymous_15)
FNDA:0,(anonymous_16)
DA:14,0
DA:31,0
DA:35,0
DA:37,0
DA:43,0
DA:44,0
DA:50,0
DA:58,0
DA:59,0
DA:60,0
DA:61,0
DA:64,0
DA:68,0
DA:75,0
DA:77,0
DA:81,0
DA:82,0
DA:83,0
DA:84,0
DA:90,0
DA:97,0
DA:98,0
DA:100,0
DA:103,0
DA:107,0
DA:111,0
DA:115,0
DA:116,0
DA:118,0
DA:125,0
LF:30
LH:0
BRDA:20,0,0,0
BRDA:20,0,1,0
BRDA:50,1,0,0
BRDA:50,1,1,0
BRDA:58,2,0,0
BRDA:58,2,1,0
BRDA:58,3,0,0
BRDA:58,3,1,0
BRDA:90,4,0,0
BRDA:90,4,1,0
BRDA:97,5,0,0
BRDA:97,5,1,0
BRDA:121,6,0,0
BRDA:121,6,1,0
BRDA:125,7,0,0
BRDA:125,7,1,0
BRDA:129,8,0,0
BRDA:129,8,1,0
BRDA:141,9,0,0
BRDA:141,9,1,0
BRDA:149,10,0,0
BRDA:149,10,1,0
BRDA:149,10,2,0
BRDA:156,11,0,0
BRDA:156,11,1,0
BRDA:157,12,0,0
BRDA:157,12,1,0
BRDA:162,13,0,0
BRDA:162,13,1,0
BRDA:162,14,0,0
BRDA:162,14,1,0
BRF:31
BRH:0
end_of_record
TN:
SF:src/components/community/CommunityList.jsx
FN:12,(anonymous_0)
FN:21,(anonymous_1)
FN:25,(anonymous_2)
FN:32,(anonymous_3)
FN:39,(anonymous_4)
FN:47,(anonymous_5)
FN:53,(anonymous_6)
FN:80,(anonymous_7)
FN:88,(anonymous_8)
FNF:9
FNH:7
FNDA:8,(anonymous_0)
FNDA:8,(anonymous_1)
FNDA:8,(anonymous_2)
FNDA:8,(anonymous_3)
FNDA:8,(anonymous_4)
FNDA:0,(anonymous_5)
FNDA:18,(anonymous_6)
FNDA:0,(anonymous_7)
FNDA:30,(anonymous_8)
DA:13,8
DA:14,8
DA:22,8
DA:26,8
DA:33,8
DA:34,0
DA:36,8
DA:41,8
DA:48,0
DA:54,18
DA:56,18
DA:81,0
DA:89,30
LF:13
LH:10
BRDA:26,0,0,6
BRDA:26,0,1,2
BRDA:33,1,0,0
BRDA:33,1,1,8
BRDA:60,2,0,6
BRDA:60,2,1,12
BRDA:72,3,0,0
BRDA:72,3,1,12
BRDA:87,4,0,10
BRDA:87,4,1,8
BRDA:89,5,0,30
BRDA:89,5,1,30
BRDA:92,6,0,12
BRDA:92,6,1,18
BRDA:96,7,0,12
BRDA:96,7,1,18
BRF:16
BRH:14
end_of_record
TN:
SF:src/components/community/CommunityManager.jsx
FN:16,(anonymous_0)
FN:46,(anonymous_1)
FN:54,(anonymous_2)
FN:67,(anonymous_3)
FN:76,(anonymous_4)
FN:77,(anonymous_5)
FN:78,(anonymous_6)
FN:85,(anonymous_7)
FN:88,(anonymous_8)
FN:89,(anonymous_9)
FN:90,(anonymous_10)
FN:94,(anonymous_11)
FN:97,(anonymous_12)
FN:99,(anonymous_13)
FN:100,(anonymous_14)
FN:101,(anonymous_15)
FN:118,(anonymous_16)
FN:121,(anonymous_17)
FN:123,(anonymous_18)
FN:124,(anonymous_19)
FN:129,(anonymous_20)
FN:135,(anonymous_21)
FN:136,(anonymous_22)
FN:137,(anonymous_23)
FN:139,(anonymous_24)
FN:141,(anonymous_25)
FN:144,(anonymous_26)
FN:150,(anonymous_27)
FN:175,(anonymous_28)
FN:177,(anonymous_29)
FN:185,(anonymous_30)
FN:198,(anonymous_31)
FN:220,(anonymous_32)
FN:226,(anonymous_33)
FN:229,(anonymous_34)
FN:243,(anonymous_35)
FN:261,(anonymous_36)
FN:262,(anonymous_37)
FN:267,(anonymous_38)
FN:269,(anonymous_39)
FN:271,(anonymous_40)
FN:281,(anonymous_41)
FN:295,(anonymous_42)
FN:296,(anonymous_43)
FN:319,(anonymous_44)
FN:320,(anonymous_45)
FNF:46
FNH:29
FNDA:15,(anonymous_0)
FNDA:15,(anonymous_1)
FNDA:8,(anonymous_2)
FNDA:0,(anonymous_3)
FNDA:15,(anonymous_4)
FNDA:15,(anonymous_5)
FNDA:15,(anonymous_6)
FNDA:0,(anonymous_7)
FNDA:15,(anonymous_8)
FNDA:15,(anonymous_9)
FNDA:15,(anonymous_10)
FNDA:0,(anonymous_11)
FNDA:19,(anonymous_12)
FNDA:19,(anonymous_13)
FNDA:19,(anonymous_14)
FNDA:19,(anonymous_15)
FNDA:0,(anonymous_16)
FNDA:15,(anonymous_17)
FNDA:15,(anonymous_18)
FNDA:15,(anonymous_19)
FNDA:0,(anonymous_20)
FNDA:23,(anonymous_21)
FNDA:23,(anonymous_22)
FNDA:23,(anonymous_23)
FNDA:69,(anonymous_24)
FNDA:0,(anonymous_25)
FNDA:8,(anonymous_26)
FNDA:8,(anonymous_27)
FNDA:4,(anonymous_28)
FNDA:0,(anonymous_29)
FNDA:0,(anonymous_30)
FNDA:0,(anonymous_31)
FNDA:0,(anonymous_32)
FNDA:0,(anonymous_33)
FNDA:142,(anonymous_34)
FNDA:8,(anonymous_35)
FNDA:448,(anonymous_36)
FNDA:0,(anonymous_37)
FNDA:182,(anonymous_38)
FNDA:0,(anonymous_39)
FNDA:0,(anonymous_40)
FNDA:0,(anonymous_41)
FNDA:635,(anonymous_42)
FNDA:0,(anonymous_43)
FNDA:635,(anonymous_44)
FNDA:0,(anonymous_45)
DA:17,15
DA:18,15
DA:47,15
DA:48,15
DA:49,15
DA:50,15
DA:51,15
DA:55,8
DA:56,8
DA:57,3
DA:60,8
DA:61,1
DA:64,8
DA:68,0
DA:69,0
DA:70,0
DA:71,0
DA:73,0
DA:77,15
DA:79,15
DA:89,15
DA:91,15
DA:98,19
DA:99,19
DA:101,19
DA:122,15
DA:123,15
DA:125,15
DA:136,23
DA:138,23
DA:139,69
DA:145,8
DA:146,8
DA:147,8
DA:151,8
DA:152,8
DA:153,8
DA:154,4
DA:155,4
DA:157,4
DA:174,4
DA:176,4
DA:177,0
DA:178,0
DA:179,0
DA:182,4
DA:186,0
DA:187,0
DA:188,0
DA:192,4
DA:199,0
DA:200,0
DA:201,0
DA:202,0
DA:203,0
DA:205,0
DA:219,0
DA:221,0
DA:224,0
DA:230,142
DA:244,8
DA:262,448
DA:267,182
DA:270,0
DA:272,0
DA:282,0
DA:296,635
DA:320,635
LF:68
LH:45
BRDA:56,0,0,3
BRDA:56,0,1,5
BRDA:56,1,0,8
BRDA:56,1,1,6
BRDA:60,2,0,1
BRDA:60,2,1,7
BRDA:69,3,0,0
BRDA:69,3,1,0
BRDA:136,4,0,8
BRDA:136,4,1,15
BRDA:153,5,0,4
BRDA:153,5,1,4
BRDA:176,6,0,0
BRDA:176,6,1,4
BRDA:201,7,0,0
BRDA:201,7,1,0
BRDA:231,8,0,15
BRDA:231,8,1,127
BRDA:232,9,0,0
BRDA:232,9,1,127
BRDA:232,10,0,127
BRDA:232,10,1,0
BRDA:294,11,0,117
BRDA:294,11,1,10
BRDA:316,12,0,127
BRDA:316,12,1,0
BRDA:320,13,0,82
BRDA:320,13,1,553
BRF:28
BRH:20
end_of_record
TN:
SF:src/components/community/CommunitySubscribeButton.jsx
FN:13,(anonymous_0)
FN:16,(anonymous_1)
FN:20,(anonymous_2)
FN:21,(anonymous_3)
FN:22,(anonymous_4)
FN:24,(anonymous_5)
FN:27,(anonymous_6)
FN:30,(anonymous_7)
FN:47,(anonymous_8)
FN:64,(anonymous_9)
FNF:10
FNH:7
FNDA:27,(anonymous_0)
FNDA:27,(anonymous_1)
FNDA:27,(anonymous_2)
FNDA:27,(anonymous_3)
FNDA:27,(anonymous_4)
FNDA:75,(anonymous_5)
FNDA:0,(anonymous_6)
FNDA:0,(anonymous_7)
FNDA:0,(anonymous_8)
FNDA:81,(anonymous_9)
DA:8,27
DA:14,27
DA:17,27
DA:21,27
DA:23,27
DA:24,75
DA:31,0
DA:40,0
DA:42,0
DA:43,0
DA:44,0
DA:48,0
DA:57,0
DA:59,0
DA:60,0
DA:61,0
DA:65,81
LF:17
LH:7
BRDA:43,0,0,0
BRDA:43,0,1,0
BRDA:60,1,0,0
BRDA:60,1,1,0
BRDA:65,2,0,45
BRDA:65,2,1,36
BRDA:65,3,0,21
BRDA:65,3,1,24
BRF:8
BRH:4
end_of_record
TN:
SF:src/components/layout/HeaderBar.jsx
FN:28,HeaderBar
FN:38,(anonymous_1)
FN:39,fetchData
FN:41,(anonymous_3)
FN:43,(anonymous_4)
FN:44,(anonymous_5)
FN:55,(anonymous_6)
FNF:7
FNH:3
FNDA:28,HeaderBar
FNDA:18,(anonymous_1)
FNDA:18,fetchData
FNDA:0,(anonymous_3)
FNDA:0,(anonymous_4)
FNDA:0,(anonymous_5)
FNDA:0,(anonymous_6)
DA:26,6
DA:30,28
DA:31,28
DA:32,28
DA:33,28
DA:34,28
DA:35,28
DA:38,28
DA:40,18
DA:41,0
DA:43,0
DA:45,0
DA:46,0
DA:47,0
DA:48,0
DA:49,0
DA:51,0
DA:52,0
DA:58,18
DA:62,28
LF:20
LH:11
BRDA:43,0,0,0
BRDA:43,0,1,0
BRDA:45,1,0,0
BRDA:45,1,1,0
BRDA:48,2,0,0
BRDA:48,2,1,0
BRDA:48,3,0,0
BRDA:48,3,1,0
BRDA:63,4,0,17
BRDA:63,4,1,11
BRDA:75,5,0,28
BRDA:75,5,1,11
BRDA:75,5,2,0
BRDA:126,6,0,0
BRDA:126,6,1,0
BRF:15
BRH:4
end_of_record
TN:
SF:src/components/layout/MarkdownPreviewer.jsx
FN:10,(anonymous_0)
FN:20,(anonymous_1)
FN:24,(anonymous_2)
FN:31,(anonymous_3)
FN:37,(anonymous_4)
FN:138,(anonymous_5)
FNF:6
FNH:0
FNDA:0,(anonymous_0)
FNDA:0,(anonymous_1)
FNDA:0,(anonymous_2)
FNDA:0,(anonymous_3)
FNDA:0,(anonymous_4)
FNDA:0,(anonymous_5)
DA:6,7
DA:7,7
DA:11,0
DA:12,0
DA:15,0
DA:16,0
DA:17,0
DA:21,0
DA:25,0
DA:26,0
DA:32,0
DA:38,0
DA:39,0
DA:40,0
DA:42,0
DA:138,7
DA:139,0
DA:140,0
DA:142,0
DA:143,0
DA:145,0
DA:146,0
DA:148,0
LF:23
LH:3
BRDA:139,0,0,0
BRDA:139,0,1,0
BRDA:142,1,0,0
BRDA:142,1,1,0
BRDA:145,2,0,0
BRDA:145,2,1,0
BRF:6
BRH:0
end_of_record
TN:
SF:src/components/layout/MarkdownRender.jsx
FN:6,MarkdownRender
FN:15,(anonymous_1)
FN:17,(anonymous_2)
FNF:3
FNH:1
FNDA:7,MarkdownRender
FNDA:0,(anonymous_1)
FNDA:0,(anonymous_2)
DA:5,7
DA:7,7
DA:16,0
DA:18,0
DA:21,7
LF:5
LH:3
BRF:0
BRH:0
end_of_record
TN:
SF:src/components/layout/Sidebar.jsx
FN:15,(anonymous_0)
FN:19,(anonymous_1)
FN:20,(anonymous_2)
FN:21,(anonymous_3)
FN:26,(anonymous_4)
FN:29,(anonymous_5)
FN:35,(anonymous_6)
FN:52,(anonymous_7)
FNF:8
FNH:6
FNDA:1,(anonymous_0)
FNDA:1,(anonymous_1)
FNDA:1,(anonymous_2)
FNDA:1,(anonymous_3)
FNDA:0,(anonymous_4)
FNDA:0,(anonymous_5)
FNDA:9,(anonymous_6)
FNDA:24,(anonymous_7)
DA:10,1
DA:16,1
DA:20,1
DA:22,1
DA:30,0
DA:31,0
DA:32,0
DA:36,9
DA:38,9
DA:53,24
LF:10
LH:7
BRDA:46,0,0,8
BRDA:46,0,1,1
BRDA:47,1,0,0
BRDA:47,1,1,8
BRDA:47,2,0,8
BRDA:47,2,1,8
BRDA:53,3,0,24
BRDA:53,3,1,24
BRDA:57,4,0,24
BRDA:57,4,1,0
BRF:10
BRH:8
end_of_record
TN:
SF:src/components/posts/MiniPostCreator.jsx
FN:5,MiniPostCreator
FN:9,(anonymous_1)
FN:17,(anonymous_2)
FNF:3
FNH:1
FNDA:8,MiniPostCreator
FNDA:0,(anonymous_1)
FNDA:0,(anonymous_2)
DA:6,8
DA:8,8
DA:9,0
DA:17,0
LF:4
LH:2
BRF:0
BRH:0
end_of_record
TN:
SF:src/components/posts/Post.jsx
FN:12,(anonymous_0)
FN:36,(anonymous_1)
FN:40,(anonymous_2)
FN:41,(anonymous_3)
FN:42,(anonymous_4)
FN:51,(anonymous_5)
FN:55,(anonymous_6)
FN:75,(anonymous_7)
FN:98,(anonymous_8)
FN:106,(anonymous_9)
FN:112,(anonymous_10)
FN:120,(anonymous_11)
FN:126,(anonymous_12)
FN:136,(anonymous_13)
FN:155,(anonymous_14)
FN:197,(anonymous_15)
FN:197,(anonymous_16)
FN:208,(anonymous_17)
FN:212,(anonymous_18)
FN:292,(anonymous_19)
FN:295,(anonymous_20)
FN:298,(anonymous_21)
FN:341,(anonymous_22)
FN:345,(anonymous_23)
FN:358,(anonymous_24)
FN:372,(anonymous_25)
FNF:26
FNH:12
FNDA:8,(anonymous_0)
FNDA:8,(anonymous_1)
FNDA:8,(anonymous_2)
FNDA:8,(anonymous_3)
FNDA:8,(anonymous_4)
FNDA:1,(anonymous_5)
FNDA:8,(anonymous_6)
FNDA:0,(anonymous_7)
FNDA:0,(anonymous_8)
FNDA:0,(anonymous_9)
FNDA:0,(anonymous_10)
FNDA:0,(anonymous_11)
FNDA:0,(anonymous_12)
FNDA:0,(anonymous_13)
FNDA:0,(anonymous_14)
FNDA:0,(anonymous_15)
FNDA:0,(anonymous_16)
FNDA:0,(anonymous_17)
FNDA:27,(anonymous_18)
FNDA:27,(anonymous_19)
FNDA:67,(anonymous_20)
FNDA:67,(anonymous_21)
FNDA:35,(anonymous_22)
FNDA:0,(anonymous_23)
FNDA:0,(anonymous_24)
FNDA:0,(anonymous_25)
DA:13,8
DA:14,8
DA:31,8
DA:32,8
DA:33,8
DA:37,8
DA:41,8
DA:43,8
DA:51,1
DA:52,8
DA:56,8
DA:57,2
DA:62,6
DA:63,5
DA:68,1
DA:76,0
DA:77,0
DA:87,0
DA:88,0
DA:90,0
DA:92,0
DA:93,0
DA:94,0
DA:95,0
DA:99,0
DA:100,0
DA:106,8
DA:107,0
DA:113,0
DA:114,0
DA:120,8
DA:121,0
DA:127,0
DA:128,0
DA:129,0
DA:130,0
DA:137,0
DA:138,0
DA:140,0
DA:141,0
DA:144,0
DA:145,0
DA:148,0
DA:149,0
DA:152,0
DA:156,0
DA:158,0
DA:159,0
DA:160,0
DA:161,0
DA:164,0
DA:177,0
DA:178,0
DA:181,0
DA:182,0
DA:187,0
DA:188,0
DA:195,0
DA:197,0
DA:198,0
DA:199,0
DA:201,0
DA:206,0
DA:213,27
DA:214,27
DA:215,27
DA:292,7
DA:293,27
DA:294,27
DA:295,27
DA:296,67
DA:298,27
DA:299,67
DA:305,27
DA:306,27
DA:308,20
DA:326,7
DA:337,0
DA:341,7
DA:342,35
DA:346,0
DA:347,0
DA:358,7
DA:359,0
DA:360,0
DA:362,0
DA:363,0
DA:365,0
DA:366,0
DA:368,0
DA:372,7
DA:373,0
LF:92
LH:35
BRDA:19,0,0,6
BRDA:19,0,1,2
BRDA:21,1,0,6
BRDA:21,1,1,2
BRDA:22,2,0,6
BRDA:22,2,1,2
BRDA:56,3,0,2
BRDA:56,3,1,6
BRDA:56,4,0,8
BRDA:56,4,1,6
BRDA:62,5,0,5
BRDA:62,5,1,1
BRDA:87,6,0,0
BRDA:87,6,1,0
BRDA:138,7,0,0
BRDA:138,7,1,0
BRDA:140,8,0,0
BRDA:140,8,1,0
BRDA:144,9,0,0
BRDA:144,9,1,0
BRDA:148,10,0,0
BRDA:148,10,1,0
BRDA:148,11,0,0
BRDA:148,11,1,0
BRDA:159,12,0,0
BRDA:159,12,1,0
BRDA:177,13,0,0
BRDA:177,13,1,0
BRDA:181,14,0,0
BRDA:181,14,1,0
BRDA:187,15,0,0
BRDA:187,15,1,0
BRDA:198,16,0,0
BRDA:198,16,1,0
BRDA:214,17,0,0
BRDA:214,17,1,27
BRDA:220,18,0,27
BRDA:220,18,1,3
BRDA:223,19,0,0
BRDA:223,19,1,3
BRDA:224,20,0,0
BRDA:224,20,1,3
BRDA:229,21,0,27
BRDA:229,21,1,0
BRDA:235,22,0,27
BRDA:235,22,1,0
BRDA:296,23,0,67
BRDA:296,23,1,0
BRDA:299,24,0,0
BRDA:299,24,1,67
BRDA:300,25,0,0
BRDA:300,25,1,0
BRDA:306,26,0,20
BRDA:306,26,1,7
BRDA:306,26,2,0
BRDA:308,27,0,14
BRDA:308,27,1,6
BRDA:310,28,0,14
BRDA:310,28,1,0
BRDA:322,29,0,6
BRDA:322,29,1,0
BRDA:359,30,0,0
BRDA:359,30,1,0
BRDA:362,31,0,0
BRDA:362,31,1,0
BRDA:365,32,0,0
BRDA:365,32,1,0
BRF:67
BRH:27
end_of_record
TN:
SF:src/components/posts/PostCreator.jsx
FN:12,(anonymous_0)
FN:36,(anonymous_1)
FN:43,(anonymous_2)
FN:53,(anonymous_3)
FN:58,(anonymous_4)
FN:59,(anonymous_5)
FN:60,(anonymous_6)
FN:65,(anonymous_7)
FN:68,(anonymous_8)
FN:70,(anonymous_9)
FN:71,(anonymous_10)
FN:75,(anonymous_11)
FN:76,(anonymous_12)
FN:79,(anonymous_13)
FN:85,(anonymous_14)
FN:86,(anonymous_15)
FN:88,(anonymous_16)
FN:89,(anonymous_17)
FN:92,(anonymous_18)
FN:100,(anonymous_19)
FN:110,(anonymous_20)
FN:158,(anonymous_21)
FN:160,(anonymous_22)
FN:168,(anonymous_23)
FN:177,(anonymous_24)
FN:184,(anonymous_25)
FN:223,(anonymous_26)
FN:227,(anonymous_27)
FN:229,(anonymous_28)
FN:241,(anonymous_29)
FN:251,(anonymous_30)
FN:254,(anonymous_31)
FNF:32
FNH:25
FNDA:15,(anonymous_0)
FNDA:13,(anonymous_1)
FNDA:104,(anonymous_2)
FNDA:15,(anonymous_3)
FNDA:15,(anonymous_4)
FNDA:15,(anonymous_5)
FNDA:15,(anonymous_6)
FNDA:0,(anonymous_7)
FNDA:15,(anonymous_8)
FNDA:15,(anonymous_9)
FNDA:15,(anonymous_10)
FNDA:1,(anonymous_11)
FNDA:56,(anonymous_12)
FNDA:56,(anonymous_13)
FNDA:56,(anonymous_14)
FNDA:56,(anonymous_15)
FNDA:168,(anonymous_16)
FNDA:0,(anonymous_17)
FNDA:0,(anonymous_18)
FNDA:26,(anonymous_19)
FNDA:13,(anonymous_20)
FNDA:5,(anonymous_21)
FNDA:0,(anonymous_22)
FNDA:5,(anonymous_23)
FNDA:5,(anonymous_24)
FNDA:157,(anonymous_25)
FNDA:241,(anonymous_26)
FNDA:0,(anonymous_27)
FNDA:0,(anonymous_28)
FNDA:0,(anonymous_29)
FNDA:13,(anonymous_30)
FNDA:233,(anonymous_31)
DA:13,15
DA:14,15
DA:31,15
DA:32,15
DA:33,15
DA:37,13
DA:38,13
DA:39,4
DA:42,13
DA:44,104
DA:45,4
DA:47,13
DA:48,0
DA:51,13
DA:54,15
DA:55,15
DA:59,15
DA:61,15
DA:69,15
DA:70,15
DA:72,15
DA:76,56
DA:80,56
DA:85,56
DA:87,56
DA:88,168
DA:93,0
DA:94,0
DA:96,0
DA:101,26
DA:102,26
DA:103,26
DA:104,26
DA:111,13
DA:113,13
DA:114,13
DA:115,8
DA:116,8
DA:119,5
DA:137,5
DA:138,5
DA:141,5
DA:142,0
DA:148,5
DA:155,5
DA:157,5
DA:159,5
DA:160,0
DA:161,0
DA:162,0
DA:165,5
DA:169,5
DA:170,5
DA:172,5
DA:175,5
DA:178,5
DA:179,5
DA:180,5
DA:185,157
DA:186,157
DA:223,241
DA:228,0
DA:230,0
DA:242,0
DA:252,13
DA:255,233
LF:66
LH:55
BRDA:18,0,0,0
BRDA:18,0,1,15
BRDA:18,1,0,15
BRDA:18,1,1,1
BRDA:24,2,0,0
BRDA:24,2,1,15
BRDA:24,3,0,15
BRDA:24,3,1,1
BRDA:24,3,2,0
BRDA:26,4,0,0
BRDA:26,4,1,15
BRDA:26,5,0,15
BRDA:26,5,1,1
BRDA:26,5,2,0
BRDA:29,6,0,0
BRDA:29,6,1,15
BRDA:29,7,0,15
BRDA:29,7,1,1
BRDA:29,7,2,0
BRDA:38,8,0,4
BRDA:38,8,1,9
BRDA:42,9,0,4
BRDA:42,9,1,9
BRDA:42,10,0,13
BRDA:42,10,1,13
BRDA:44,11,0,104
BRDA:44,11,1,24
BRDA:47,12,0,0
BRDA:47,12,1,13
BRDA:47,13,0,13
BRDA:47,13,1,0
BRDA:80,14,0,42
BRDA:80,14,1,14
BRDA:93,15,0,0
BRDA:93,15,1,0
BRDA:114,16,0,8
BRDA:114,16,1,5
BRDA:137,17,0,5
BRDA:137,17,1,0
BRDA:141,18,0,0
BRDA:141,18,1,5
BRDA:159,19,0,0
BRDA:159,19,1,5
BRDA:175,20,0,0
BRDA:175,20,1,0
BRDA:186,21,0,157
BRDA:186,21,1,157
BRDA:206,22,0,0
BRDA:206,22,1,157
BRDA:207,23,0,0
BRDA:207,23,1,157
BRDA:216,24,0,157
BRDA:216,24,1,0
BRDA:239,25,0,0
BRDA:239,25,1,157
BRF:55
BRH:35
end_of_record
TN:
SF:src/components/posts/PostEditor.jsx
FN:10,(anonymous_0)
FN:17,(anonymous_1)
FN:23,(anonymous_2)
FN:27,(anonymous_3)
FN:33,(anonymous_4)
FN:70,(anonymous_5)
FNF:6
FNH:0
FNDA:0,(anonymous_0)
FNDA:0,(anonymous_1)
FNDA:0,(anonymous_2)
FNDA:0,(anonymous_3)
FNDA:0,(anonymous_4)
FNDA:0,(anonymous_5)
DA:11,0
DA:12,0
DA:13,0
DA:14,0
DA:18,0
DA:24,0
DA:28,0
DA:29,0
DA:34,0
DA:35,0
DA:36,0
DA:37,0
DA:38,0
DA:40,0
DA:71,0
LF:15
LH:0
BRDA:19,0,0,0
BRDA:19,0,1,0
BRDA:48,1,0,0
BRDA:48,1,1,0
BRDA:67,2,0,0
BRDA:67,2,1,0
BRF:6
BRH:0
end_of_record
TN:
SF:src/components/posts/PostsViewer.jsx
FN:11,(anonymous_0)
FN:13,(anonymous_1)
FNF:2
FNH:2
FNDA:4,(anonymous_0)
FNDA:6,(anonymous_1)
DA:12,4
DA:14,6
DA:15,6
DA:16,6
LF:4
LH:4
BRDA:22,0,0,0
BRDA:22,0,1,6
BRF:2
BRH:1
end_of_record
TN:
SF:src/components/posts/VoteDisplay.jsx
FN:7,(anonymous_0)
FN:18,(anonymous_1)
FN:23,(anonymous_2)
FN:25,(anonymous_3)
FN:31,(anonymous_4)
FN:33,(anonymous_5)
FN:37,(anonymous_6)
FN:61,(anonymous_7)
FN:68,(anonymous_8)
FN:80,(anonymous_9)
FNF:10
FNH:6
FNDA:7,(anonymous_0)
FNDA:7,(anonymous_1)
FNDA:7,(anonymous_2)
FNDA:7,(anonymous_3)
FNDA:0,(anonymous_4)
FNDA:7,(anonymous_5)
FNDA:0,(anonymous_6)
FNDA:7,(anonymous_7)
FNDA:0,(anonymous_8)
FNDA:0,(anonymous_9)
DA:8,7
DA:9,7
DA:19,7
DA:24,7
DA:26,7
DA:27,7
DA:29,0
DA:32,0
DA:38,0
DA:39,0
DA:40,0
DA:42,0
DA:44,0
DA:45,0
DA:46,0
DA:48,0
DA:51,0
DA:52,0
DA:54,0
DA:58,0
DA:62,7
DA:68,0
DA:80,0
LF:23
LH:7
BRDA:26,0,0,7
BRDA:26,0,1,0
BRDA:26,1,0,7
BRDA:26,1,1,7
BRDA:38,2,0,0
BRDA:38,2,1,0
BRDA:39,3,0,0
BRDA:39,3,1,0
BRDA:44,4,0,0
BRDA:44,4,1,0
BRDA:45,5,0,0
BRDA:45,5,1,0
BRDA:51,6,0,0
BRDA:51,6,1,0
BRDA:62,7,0,7
BRDA:62,7,1,0
BRDA:70,8,0,0
BRDA:70,8,1,0
BRDA:82,9,0,0
BRDA:82,9,1,0
BRF:20
BRH:4
end_of_record
TN:
SF:src/components/sketch/Whiteboard.jsx
FN:22,(anonymous_0)
FN:36,(anonymous_1)
FN:44,(anonymous_2)
FN:52,(anonymous_3)
FN:63,(anonymous_4)
FN:68,(anonymous_5)
FN:72,(anonymous_6)
FN:79,(anonymous_7)
FN:87,(anonymous_8)
FN:99,(anonymous_9)
FN:103,(anonymous_10)
FN:104,(anonymous_11)
FN:105,(anonymous_12)
FN:112,(anonymous_13)
FN:115,(anonymous_14)
FN:126,(anonymous_15)
FN:134,(anonymous_16)
FN:219,(anonymous_17)
FN:220,(anonymous_18)
FN:221,(anonymous_19)
FN:251,(anonymous_20)
FN:261,(anonymous_21)
FNF:22
FNH:0
FNDA:0,(anonymous_0)
FNDA:0,(anonymous_1)
FNDA:0,(anonymous_2)
FNDA:0,(anonymous_3)
FNDA:0,(anonymous_4)
FNDA:0,(anonymous_5)
FNDA:0,(anonymous_6)
FNDA:0,(anonymous_7)
FNDA:0,(anonymous_8)
FNDA:0,(anonymous_9)
FNDA:0,(anonymous_10)
FNDA:0,(anonymous_11)
FNDA:0,(anonymous_12)
FNDA:0,(anonymous_13)
FNDA:0,(anonymous_14)
FNDA:0,(anonymous_15)
FNDA:0,(anonymous_16)
FNDA:0,(anonymous_17)
FNDA:0,(anonymous_18)
FNDA:0,(anonymous_19)
FNDA:0,(anonymous_20)
FNDA:0,(anonymous_21)
DA:23,0
DA:24,0
DA:36,0
DA:37,0
DA:38,0
DA:39,0
DA:40,0
DA:45,0
DA:46,0
DA:52,0
DA:53,0
DA:54,0
DA:55,0
DA:56,0
DA:63,0
DA:64,0
DA:69,0
DA:72,0
DA:73,0
DA:74,0
DA:75,0
DA:76,0
DA:79,0
DA:80,0
DA:81,0
DA:87,0
DA:88,0
DA:89,0
DA:99,0
DA:100,0
DA:104,0
DA:105,0
DA:106,0
DA:107,0
DA:108,0
DA:109,0
DA:115,0
DA:116,0
DA:117,0
DA:127,0
DA:129,0
DA:134,0
DA:140,0
DA:157,0
DA:158,0
DA:219,0
DA:220,0
DA:221,0
DA:252,0
DA:261,0
LF:50
LH:0
BRDA:39,0,0,0
BRDA:39,0,1,0
BRF:2
BRH:0
end_of_record
TN:
SF:src/components/static/AccessForbidden.jsx
FN:6,(anonymous_0)
FNF:1
FNH:0
FNDA:0,(anonymous_0)
DA:7,0
LF:1
LH:0
BRF:0
BRH:0
end_of_record
TN:
SF:src/components/static/Help.jsx
FN:6,(anonymous_0)
FNF:1
FNH:0
FNDA:0,(anonymous_0)
DA:7,0
LF:1
LH:0
BRF:0
BRH:0
end_of_record
TN:
SF:src/components/static/PageNotFound.jsx
FN:6,(anonymous_0)
FNF:1
FNH:1
FNDA:1,(anonymous_0)
DA:7,1
LF:1
LH:1
BRF:0
BRH:0
end_of_record
TN:
SF:src/components/static/Welcome.jsx
FN:12,(anonymous_0)
FN:13,(anonymous_1)
FN:14,(anonymous_2)
FN:17,(anonymous_3)
FN:20,(anonymous_4)
FNF:5
FNH:1
FNDA:0,(anonymous_0)
FNDA:0,(anonymous_1)
FNDA:0,(anonymous_2)
FNDA:0,(anonymous_3)
FNDA:5,(anonymous_4)
DA:13,0
DA:15,0
DA:21,5
LF:3
LH:1
BRF:0
BRH:0
end_of_record
TN:
SF:src/components/user/SubscribedFeed.jsx
FN:19,(anonymous_0)
FN:23,(anonymous_1)
FN:24,(anonymous_2)
FN:25,(anonymous_3)
FN:32,(anonymous_4)
FN:37,(anonymous_5)
FN:38,(anonymous_6)
FN:44,(anonymous_7)
FN:55,(anonymous_8)
FN:56,(anonymous_9)
FN:58,(anonymous_10)
FN:58,(anonymous_11)
FN:61,(anonymous_12)
FN:62,(anonymous_13)
FN:66,(anonymous_14)
FN:68,(anonymous_15)
FN:71,(anonymous_16)
FN:73,(anonymous_17)
FN:76,(anonymous_18)
FN:78,(anonymous_19)
FN:81,(anonymous_20)
FN:89,(anonymous_21)
FN:90,(anonymous_22)
FN:90,(anonymous_23)
FN:93,(anonymous_24)
FN:95,(anonymous_25)
FN:100,(anonymous_26)
FNF:27
FNH:12
FNDA:2,(anonymous_0)
FNDA:2,(anonymous_1)
FNDA:2,(anonymous_2)
FNDA:2,(anonymous_3)
FNDA:0,(anonymous_4)
FNDA:2,(anonymous_5)
FNDA:3,(anonymous_6)
FNDA:3,(anonymous_7)
FNDA:3,(anonymous_8)
FNDA:3,(anonymous_9)
FNDA:1,(anonymous_10)
FNDA:1,(anonymous_11)
FNDA:0,(anonymous_12)
FNDA:0,(anonymous_13)
FNDA:0,(anonymous_14)
FNDA:0,(anonymous_15)
FNDA:0,(anonymous_16)
FNDA:0,(anonymous_17)
FNDA:0,(anonymous_18)
FNDA:0,(anonymous_19)
FNDA:0,(anonymous_20)
FNDA:0,(anonymous_21)
FNDA:0,(anonymous_22)
FNDA:0,(anonymous_23)
FNDA:0,(anonymous_24)
FNDA:0,(anonymous_25)
FNDA:11,(anonymous_26)
DA:12,2
DA:20,2
DA:24,2
DA:27,2
DA:34,2
DA:38,2
DA:39,3
DA:41,2
DA:45,3
DA:46,3
DA:55,3
DA:57,3
DA:58,1
DA:61,0
DA:62,3
DA:67,0
DA:68,0
DA:72,0
DA:73,0
DA:77,0
DA:78,0
DA:82,0
DA:89,0
DA:90,0
DA:95,0
DA:96,0
DA:101,11
DA:102,11
DA:103,11
LF:29
LH:17
BRDA:41,0,0,2
BRDA:41,0,1,1
BRDA:48,1,0,3
BRDA:48,1,1,0
BRDA:57,2,0,1
BRDA:57,2,1,2
BRDA:90,3,0,0
BRDA:90,3,1,0
BRDA:126,4,0,0
BRDA:126,4,1,11
BRDA:127,5,0,1
BRDA:127,5,1,10
BRDA:128,6,0,0
BRDA:128,6,1,1
BRF:14
BRH:9
end_of_record
TN:
SF:src/components/user/UserProfile.jsx
FN:12,(anonymous_0)
FN:30,(anonymous_1)
FN:31,(anonymous_2)
FN:32,(anonymous_3)
FN:49,(anonymous_4)
FN:52,(anonymous_5)
FN:60,(anonymous_6)
FN:62,(anonymous_7)
FN:70,(anonymous_8)
FN:77,(anonymous_9)
FN:80,(anonymous_10)
FN:85,(anonymous_11)
FN:87,(anonymous_12)
FN:93,(anonymous_13)
FN:102,(anonymous_14)
FN:104,(anonymous_15)
FN:105,(anonymous_16)
FN:115,(anonymous_17)
FN:118,(anonymous_18)
FNF:19
FNH:10
FNDA:1,(anonymous_0)
FNDA:1,(anonymous_1)
FNDA:1,(anonymous_2)
FNDA:1,(anonymous_3)
FNDA:0,(anonymous_4)
FNDA:1,(anonymous_5)
FNDA:1,(anonymous_6)
FNDA:0,(anonymous_7)
FNDA:1,(anonymous_8)
FNDA:0,(anonymous_9)
FNDA:1,(anonymous_10)
FNDA:0,(anonymous_11)
FNDA:0,(anonymous_12)
FNDA:2,(anonymous_13)
FNDA:0,(anonymous_14)
FNDA:0,(anonymous_15)
FNDA:0,(anonymous_16)
FNDA:0,(anonymous_17)
FNDA:3,(anonymous_18)
DA:9,6
DA:13,1
DA:15,1
DA:31,1
DA:33,1
DA:34,1
DA:42,0
DA:45,0
DA:47,1
DA:49,0
DA:53,1
DA:61,1
DA:62,0
DA:63,0
DA:64,0
DA:67,1
DA:71,1
DA:77,0
DA:81,1
DA:87,0
DA:88,0
DA:94,2
DA:95,0
DA:96,0
DA:97,0
DA:98,0
DA:103,0
DA:104,0
DA:106,0
DA:115,0
DA:119,3
DA:120,3
DA:121,2
DA:124,3
DA:125,3
LF:35
LH:18
BRDA:24,0,0,0
BRDA:24,0,1,1
BRDA:33,1,0,1
BRDA:33,1,1,0
BRDA:53,2,0,0
BRDA:53,2,1,1
BRDA:61,3,0,0
BRDA:61,3,1,1
BRDA:94,4,0,0
BRDA:94,4,1,2
BRDA:96,5,0,0
BRDA:96,5,1,0
BRDA:103,6,0,0
BRDA:103,6,1,0
BRDA:120,7,0,2
BRDA:120,7,1,1
BRDA:121,8,0,2
BRDA:121,8,1,2
BRDA:125,9,0,3
BRDA:125,9,1,3
BRDA:128,10,0,0
BRDA:128,10,1,3
BRDA:134,11,0,2
BRDA:134,11,1,1
BRDA:137,12,0,2
BRDA:137,12,1,1
BRDA:140,13,0,2
BRDA:140,13,1,0
BRDA:143,14,0,0
BRDA:143,14,1,2
BRDA:153,15,0,0
BRDA:153,15,1,3
BRDA:154,16,0,2
BRDA:154,16,1,1
BRDA:159,17,0,2
BRDA:159,17,1,1
BRDA:159,18,0,3
BRDA:159,18,1,2
BRDA:159,18,2,2
BRF:39
BRH:26
end_of_record
TN:
SF:src/components/user/UserRolesTable.jsx
FN:5,(anonymous_0)
FN:9,(anonymous_1)
FN:19,(anonymous_2)
FN:27,(anonymous_3)
FN:35,(anonymous_4)
FN:43,(anonymous_5)
FN:51,(anonymous_6)
FNF:7
FNH:6
FNDA:15,(anonymous_0)
FNDA:127,(anonymous_1)
FNDA:67,(anonymous_2)
FNDA:67,(anonymous_3)
FNDA:67,(anonymous_4)
FNDA:67,(anonymous_5)
FNDA:0,(anonymous_6)
DA:6,15
DA:10,127
DA:20,67
DA:28,67
DA:36,67
DA:44,67
DA:52,0
LF:7
LH:6
BRF:0
BRH:0
end_of_record
TN:
SF:src/components/user/UserSettings.jsx
FN:7,(anonymous_0)
FN:28,(anonymous_1)
FN:32,(anonymous_2)
FN:33,(anonymous_3)
FN:34,(anonymous_4)
FN:44,(anonymous_5)
FN:48,(anonymous_6)
FN:57,(anonymous_7)
FN:61,(anonymous_8)
FN:80,(anonymous_9)
FN:99,(anonymous_10)
FN:99,(anonymous_11)
FN:105,(anonymous_12)
FN:112,(anonymous_13)
FN:131,(anonymous_14)
FN:145,(anonymous_15)
FN:148,(anonymous_16)
FN:153,(anonymous_17)
FN:169,(anonymous_18)
FN:169,(anonymous_19)
FN:173,(anonymous_20)
FN:179,(anonymous_21)
FN:188,(anonymous_22)
FNF:23
FNH:6
FNDA:1,(anonymous_0)
FNDA:1,(anonymous_1)
FNDA:1,(anonymous_2)
FNDA:1,(anonymous_3)
FNDA:1,(anonymous_4)
FNDA:0,(anonymous_5)
FNDA:0,(anonymous_6)
FNDA:0,(anonymous_7)
FNDA:0,(anonymous_8)
FNDA:0,(anonymous_9)
FNDA:0,(anonymous_10)
FNDA:0,(anonymous_11)
FNDA:0,(anonymous_12)
FNDA:0,(anonymous_13)
FNDA:0,(anonymous_14)
FNDA:0,(anonymous_15)
FNDA:0,(anonymous_16)
FNDA:0,(anonymous_17)
FNDA:0,(anonymous_18)
FNDA:0,(anonymous_19)
FNDA:0,(anonymous_20)
FNDA:2,(anonymous_21)
FNDA:0,(anonymous_22)
DA:8,1
DA:9,1
DA:29,1
DA:33,1
DA:35,1
DA:49,0
DA:50,0
DA:51,0
DA:52,0
DA:58,0
DA:62,0
DA:63,0
DA:64,0
DA:67,0
DA:68,0
DA:77,0
DA:81,0
DA:83,0
DA:84,0
DA:85,0
DA:86,0
DA:89,0
DA:97,0
DA:99,0
DA:100,0
DA:101,0
DA:103,0
DA:106,0
DA:109,0
DA:113,0
DA:115,0
DA:122,0
DA:125,0
DA:126,0
DA:127,0
DA:128,0
DA:132,0
DA:134,0
DA:141,0
DA:144,0
DA:146,0
DA:147,0
DA:154,0
DA:155,0
DA:156,0
DA:158,0
DA:165,0
DA:167,0
DA:168,0
DA:169,0
DA:170,0
DA:171,0
DA:180,2
DA:181,2
DA:189,0
LF:55
LH:7
BRDA:63,0,0,0
BRDA:63,0,1,0
BRDA:63,1,0,0
BRDA:63,1,1,0
BRDA:67,2,0,0
BRDA:67,2,1,0
BRDA:84,3,0,0
BRDA:84,3,1,0
BRDA:100,4,0,0
BRDA:100,4,1,0
BRDA:138,5,0,0
BRDA:138,5,1,0
BRDA:155,6,0,0
BRDA:155,6,1,0
BRDA:167,7,0,0
BRDA:167,7,1,0
BRDA:170,8,0,0
BRDA:170,8,1,0
BRDA:191,9,0,2
BRDA:191,9,1,0
BRDA:227,10,0,2
BRDA:227,10,1,0
BRDA:229,11,0,1
BRDA:229,11,1,1
BRF:24
BRH:4
end_of_record
TN:
SF:src/tests/fetchMocks.js
FN:1,promiseJson
FN:3,(anonymous_1)
FN:10,(anonymous_2)
FN:32,(anonymous_3)
FNF:4
FNH:4
FNDA:280,promiseJson
FNDA:264,(anonymous_1)
FNDA:28,(anonymous_2)
FNDA:252,(anonymous_3)
DA:2,280
DA:3,264
DA:10,11
DA:11,28
DA:12,24
DA:13,4
DA:14,0
DA:15,4
DA:16,0
DA:17,4
DA:18,0
DA:26,4
DA:32,11
DA:33,252
DA:34,14
DA:35,238
DA:36,73
DA:37,165
DA:38,30
DA:39,135
DA:40,19
DA:47,116
DA:48,84
DA:56,32
DA:57,15
DA:58,17
DA:59,1
DA:74,16
LF:28
LH:25
BRDA:11,0,0,24
BRDA:11,0,1,4
BRDA:13,1,0,0
BRDA:13,1,1,4
BRDA:15,2,0,0
BRDA:15,2,1,4
BRDA:17,3,0,0
BRDA:17,3,1,4
BRDA:33,4,0,14
BRDA:33,4,1,238
BRDA:35,5,0,73
BRDA:35,5,1,165
BRDA:37,6,0,30
BRDA:37,6,1,135
BRDA:39,7,0,19
BRDA:39,7,1,116
BRDA:47,8,0,84
BRDA:47,8,1,32
BRDA:56,9,0,15
BRDA:56,9,1,17
BRDA:58,10,0,1
BRDA:58,10,1,16
BRF:22
BRH:19
end_of_record
TN:
SF:src/util/timeSince.js
FN:1,timeSince
FNF:1
FNH:1
FNDA:27,timeSince
DA:2,27
DA:4,27
DA:6,27
DA:7,27
DA:9,27
DA:10,0
DA:13,27
DA:14,27
DA:16,27
DA:17,10
DA:20,17
DA:21,17
DA:23,17
DA:24,17
DA:27,0
DA:28,0
DA:30,0
DA:31,0
DA:34,0
DA:35,0
DA:37,0
DA:38,0
DA:41,0
LF:23
LH:13
BRDA:9,0,0,0
BRDA:9,0,1,27
BRDA:10,1,0,0
BRDA:10,1,1,0
BRDA:16,2,0,10
BRDA:16,2,1,17
BRDA:17,3,0,0
BRDA:17,3,1,10
BRDA:23,4,0,17
BRDA:23,4,1,0
BRDA:24,5,0,17
BRDA:24,5,1,0
BRDA:30,6,0,0
BRDA:30,6,1,0
BRDA:31,7,0,0
BRDA:31,7,1,0
BRDA:37,8,0,0
BRDA:37,8,1,0
BRDA:38,9,0,0
BRDA:38,9,1,0
BRDA:41,10,0,0
BRDA:41,10,1,0
BRDA:41,11,0,0
BRDA:41,11,1,0
BRF:24
BRH:6
end_of_record
